#
# A fatal error has been detected by the Java Runtime Environment:
#
#  EXCEPTION_ACCESS_VIOLATION (0xc0000005) at pc=0x00007ffef7227a1c, pid=11924, tid=31668
#
# JRE version: OpenJDK Runtime Environment Temurin-17.0.3+7 (17.0.3+7) (build 17.0.3+7)
# Java VM: OpenJDK 64-Bit Server VM Temurin-17.0.3+7 (17.0.3+7, mixed mode, sharing, tiered, compressed oops, compressed class ptrs, g1 gc, windows-amd64)
# Problematic frame:
# C  [xerces-c_3_2.dll+0x7a1c]
#
# No core dump will be written. Minidumps are not enabled by default on client versions of Windows
#
# If you would like to submit a bug report, please visit:
#   https://github.com/adoptium/adoptium-support/issues
# The crash happened outside the Java Virtual Machine in native code.
# See problematic frame for where to report the bug.
#

---------------  S U M M A R Y ------------

Command Line: -Dsun.java2d.pmoffscreen=false -Dhttps.protocols=TLSv1,TLSv1.1,TLSv1.2 -Dsun.java2d.xrender=false -Dsun.java2d.d3d=false -Dsun.awt.nopixfmt=true -Dsun.java2d.dpiaware=true -Dsun.java2d.uiScale.enabled=false -Dswing.aatext=true -XX:-UsePerfData -Djdk.map.althashing.threshold=512 -XX:StringTableSize=4072 -XX:+UseStringDeduplication -XX:MaxGCPauseMillis=200 -XX:+ParallelRefProcEnabled --add-opens=java.desktop/javax.swing.plaf.synth=ALL-UNNAMED --add-opens=java.base/java.nio=ALL-UNNAMED --add-opens=java.desktop/sun.swing=ALL-UNNAMED --add-opens=java.desktop/javax.swing=ALL-UNNAMED --add-opens=java.desktop/javax.swing.tree=ALL-UNNAMED --add-opens=java.desktop/javax.swing.plaf.basic=ALL-UNNAMED --add-opens=java.desktop/javax.swing.plaf.synth=ALL-UNNAMED --add-opens=java.desktop/javax.swing.plaf.basic=ALL-UNNAMED --add-opens=java.desktop/javax.swing=ALL-UNNAMED --add-opens=java.desktop/javax.swing.tree=ALL-UNNAMED --add-opens=java.desktop/java.awt.event=ALL-UNNAMED --add-exports=java.desktop/javax.swing.plaf.synth=ALL-UNNAMED --add-exports=java.base/java.nio=ALL-UNNAMED --add-exports=java.desktop/sun.swing=ALL-UNNAMED --add-exports=java.desktop/javax.swing=ALL-UNNAMED --add-exports=java.desktop/javax.swing.tree=ALL-UNNAMED --add-exports=java.desktop/javax.swing.plaf.basic=ALL-UNNAMED --add-exports=java.desktop/sun.swing=ALL-UNNAMED --add-exports=java.desktop/sun.swing.table=ALL-UNNAMED --add-exports=java.desktop/sun.swing.plaf.synth=ALL-UNNAMED --add-exports=java.desktop/sun.awt.shell=ALL-UNNAMED --add-exports=java.base/sun.security.action=ALL-UNNAMED --add-exports=java.desktop/sun.font=ALL-UNNAMED -XX:NewSize=80m -XX:MaxNewSize=80m -Xms512m -Xmx4072m -Xss10m 

Host: AMD Ryzen 5 5600G with Radeon Graphics         , 12 cores, 31G,  Windows 10 , 64 bit Build 19041 (10.0.19041.5438)
Time: Tue Mar 11 00:50:21 2025  Windows 10 , 64 bit Build 19041 (10.0.19041.5438) elapsed time: 9.912406 seconds (0d 0h 0m 9s)

---------------  T H R E A D  ---------------

Current thread (0x000001d0139c27c0):  JavaThread "NewProject Thread" [_thread_in_native, id=31668, stack(0x000000a15f900000,0x000000a160300000)]

Stack: [0x000000a15f900000,0x000000a160300000],  sp=0x000000a1602fe800,  free space=10234k
Native frames: (J=compiled Java code, j=interpreted, Vv=VM code, C=native code)
C  [xerces-c_3_2.dll+0x7a1c]
C  [xerces-c_3_2.dll+0x49d5f]
C  [librdi_common.dll+0x8c4ed6]
C  [librdi_common.dll+0x8c37fd]
C  [librdi_board.dll+0x49be0]
C  [librdi_board.dll+0x40f78]
C  [librdi_board.dll+0x48155]
C  [librdi_boarddep.dll+0x5667]
C  [librdi_project.dll+0x3b29cf]
C  0x000001d00000d621

Java frames: (J=compiled Java code, j=interpreted, Vv=VM code)
j  ui.project.projecti.ProjUtils_createBoardPartIter(J)J+0
j  ui.data.b.S(Lui/project/m;)Ljava/util/List;+22
j  ui.views.d.v.g.DU()V+20
j  ui.views.i.aQH()Ljava/lang/Object;+4
j  ui.frmwork.z.run()V+23
j  java.lang.Thread.run()V+11 java.base@17.0.3
v  ~StubRoutines::call_stub

siginfo: EXCEPTION_ACCESS_VIOLATION (0xc0000005), reading address 0x0000000000000000


Register to memory mapping:

RIP=0x00007ffef7227a1c xerces-c_3_2.dll
RAX=0x000000a1602fe8a8 is pointing into the stack for thread: 0x000001d0139c27c0
RBX=0x000000a1602fe8b8 is pointing into the stack for thread: 0x000001d0139c27c0
RCX=0x000000a1602fe8b8 is pointing into the stack for thread: 0x000001d0139c27c0
RDX=0x0 is NULL
RSP=0x000000a1602fe800 is pointing into the stack for thread: 0x000001d0139c27c0
RBP=0x000000a1602ff020 is pointing into the stack for thread: 0x000001d0139c27c0
RSI=0x000000a1602ff130 is pointing into the stack for thread: 0x000001d0139c27c0
RDI=0x0 is NULL
R8 =0x0 is NULL
R9 =0x0 is NULL
R10=0x0000000000008000 is an unknown value
R11=0x000000a1602fe710 is pointing into the stack for thread: 0x000001d0139c27c0
R12=0x000000000000000f is an unknown value
R13=0x7fffffffffffffff is an unknown value
R14=0xffffffffffffffff is an unknown value
R15=0x0000000000000043 is an unknown value


Registers:
RAX=0x000000a1602fe8a8, RBX=0x000000a1602fe8b8, RCX=0x000000a1602fe8b8, RDX=0x0000000000000000
RSP=0x000000a1602fe800, RBP=0x000000a1602ff020, RSI=0x000000a1602ff130, RDI=0x0000000000000000
R8 =0x0000000000000000, R9 =0x0000000000000000, R10=0x0000000000008000, R11=0x000000a1602fe710
R12=0x000000000000000f, R13=0x7fffffffffffffff, R14=0xffffffffffffffff, R15=0x0000000000000043
RIP=0x00007ffef7227a1c, EFLAGS=0x0000000000010206

Top of Stack: (sp=0x000000a1602fe800)
0x000000a1602fe800:   0000000000000000 0000000000000000
0x000000a1602fe810:   000001d05d697860 0000000000000044
0x000000a1602fe820:   0000000000000000 00007ffef7269d5f
0x000000a1602fe830:   000000a1602ff130 00007ffeade99ac4
0x000000a1602fe840:   00000000ffffffff 000001d0625a0000
0x000000a1602fe850:   0000000000000000 0000000000000000
0x000000a1602fe860:   fffffffffffffffe 0000000000000001
0x000000a1602fe870:   00000bf700000002 0000000067bd6c55
0x000000a1602fe880:   fffffffffffffffe 0000000067bd6c55
0x000000a1602fe890:   000048c3b3f66a34 000000a1602ff130
0x000000a1602fe8a0:   0000000000000000 00007ffeae034ed6
0x000000a1602fe8b0:   0000000000000000 0000000000000000
0x000000a1602fe8c0:   0000000000000000 000000a1602ff130
0x000000a1602fe8d0:   0000000000000050 000001d0624b0d50
0x000000a1602fe8e0:   000001d06454de10 000001d0155930d0
0x000000a1602fe8f0:   000000a1602ff130 0000000000000050 

Instructions: (pc=0x00007ffef7227a1c)
0x00007ffef722791c:   18 48 8b 4b 18 4c 8d 04 7d 02 00 00 00 48 8b d6
0x00007ffef722792c:   48 8b 5c 24 30 48 8b 74 24 38 48 83 c4 20 5f e9
0x00007ffef722793c:   12 71 12 00 48 85 d2 75 08 45 33 c0 e9 23 00 00
0x00007ffef722794c:   00 4c 8b c2 41 0f b7 00 49 83 c0 02 66 85 c0 75
0x00007ffef722795c:   f3 4c 2b c2 49 d1 f8 49 ff c8 e9 05 00 00 00 cc
0x00007ffef722796c:   cc cc cc cc 48 89 5c 24 08 48 89 74 24 10 57 48
0x00007ffef722797c:   83 ec 20 49 8b f8 48 8b f2 48 8b d9 4c 3b 41 10
0x00007ffef722798c:   72 2f 48 8b 49 28 48 8b 53 20 48 8b 01 ff 50 18
0x00007ffef722799c:   48 8b 4b 28 48 8d 57 01 48 89 53 10 48 03 d2 48
0x00007ffef72279ac:   c7 43 20 00 00 00 00 48 8b 01 ff 50 10 48 89 43
0x00007ffef72279bc:   20 48 8b 4b 20 4c 8d 04 7d 02 00 00 00 48 8b d6
0x00007ffef72279cc:   48 8b 5c 24 30 48 8b 74 24 38 48 83 c4 20 5f e9
0x00007ffef72279dc:   72 70 12 00 40 53 48 83 ec 20 48 8b d9 48 c7 01
0x00007ffef72279ec:   00 00 00 00 48 89 51 08 48 8b ca e8 64 13 00 00
0x00007ffef72279fc:   48 89 03 48 8b c3 48 83 c4 20 5b c3 cc cc cc cc
0x00007ffef7227a0c:   cc cc cc cc 40 53 48 83 ec 20 48 8b d9 48 89 11
0x00007ffef7227a1c:   48 8b 0a e8 ac 12 00 00 48 8b c3 48 83 c4 20 5b
0x00007ffef7227a2c:   c3 cc cc cc 40 53 48 83 ec 30 48 c7 44 24 20 fe
0x00007ffef7227a3c:   ff ff ff 48 8b d9 48 8b 09 48 85 c9 74 11 48 8b
0x00007ffef7227a4c:   53 08 e8 7d 0d 00 00 90 48 c7 03 00 00 00 00 48
0x00007ffef7227a5c:   83 c4 30 5b c3 cc cc cc cc cc cc cc cc cc cc cc
0x00007ffef7227a6c:   cc cc cc cc 48 83 ec 38 48 c7 44 24 20 fe ff ff
0x00007ffef7227a7c:   ff 48 8b 09 48 8b 09 e8 48 1b 00 00 90 48 83 c4
0x00007ffef7227a8c:   38 c3 cc cc 40 53 48 83 ec 20 48 8b d9 48 8b 0d
0x00007ffef7227a9c:   c0 22 2a 00 48 c7 03 00 00 00 00 48 89 4b 08 e8
0x00007ffef7227aac:   b0 12 00 00 48 89 03 48 83 c4 20 5b c3 cc cc cc
0x00007ffef7227abc:   cc cc cc cc 48 8b 09 e9 08 12 00 00 cc cc cc cc
0x00007ffef7227acc:   cc cc cc cc 48 8b 09 e9 f8 1a 00 00 cc cc cc cc
0x00007ffef7227adc:   cc cc cc cc 83 f9 08 77 56 48 63 c1 48 8d 15 11
0x00007ffef7227aec:   85 ff ff 8b 8c 82 44 7b 00 00 48 03 ca ff e1 48
0x00007ffef7227afc:   8d 05 46 6d 14 00 c3 48 8d 05 66 6d 14 00 c3 48
0x00007ffef7227b0c:   8d 05 8e 6d 14 00 c3 48 8d 05 a6 6d 14 00 c3 48 


Stack slot to memory mapping:
stack at sp + 0 slots: 0x0 is NULL
stack at sp + 1 slots: 0x0 is NULL
stack at sp + 2 slots: 0x000001d05d697860 points into unknown readable memory: 0x005c003f003f005c | 5c 00 3f 00 3f 00 5c 00
stack at sp + 3 slots: 0x0000000000000044 is an unknown value
stack at sp + 4 slots: 0x0 is NULL
stack at sp + 5 slots: 0x00007ffef7269d5f xerces-c_3_2.dll
stack at sp + 6 slots: 0x000000a1602ff130 is pointing into the stack for thread: 0x000001d0139c27c0
stack at sp + 7 slots: 0x00007ffeade99ac4 librdi_common.dll


---------------  P R O C E S S  ---------------

Threads class SMR info:
_java_thread_list=0x000001d05b759400, length=33, elements={
0x000001d06b888ee0, 0x000001d06c962470, 0x000001d06c963960, 0x000001d06c975c20,
0x000001d06c97e3d0, 0x000001d06c986510, 0x000001d06c987610, 0x000001d06c98a630,
0x000001d06c98cfa0, 0x000001d06c98dcc0, 0x000001d06cc12280, 0x000001d06cc13f90,
0x000001d06cd85ae0, 0x000001d06cd24240, 0x000001d0110f0f40, 0x000001d011f59850,
0x000001d011f0b3a0, 0x000001d01453a380, 0x000001d01453c530, 0x000001d01453c060,
0x000001d01453ced0, 0x000001d01453d3a0, 0x000001d0115ba940, 0x000001d011940c60,
0x000001d0139c0610, 0x000001d0139c27c0, 0x000001d0139bd5f0, 0x000001d0139c0140,
0x000001d0139bd120, 0x000001d0139bdf90, 0x000001d0139c0ae0, 0x000001d0139be930,
0x000001d0139c2c90
}

Java Threads: ( => current thread )
  0x000001d06b888ee0 JavaThread "main" [_thread_blocked, id=16096, stack(0x000000a151a00000,0x000000a151b00000)]
  0x000001d06c962470 JavaThread "Reference Handler" daemon [_thread_blocked, id=21636, stack(0x000000a152200000,0x000000a152c00000)]
  0x000001d06c963960 JavaThread "Finalizer" daemon [_thread_blocked, id=28524, stack(0x000000a152c00000,0x000000a153600000)]
  0x000001d06c975c20 JavaThread "Signal Dispatcher" daemon [_thread_blocked, id=11584, stack(0x000000a153600000,0x000000a154000000)]
  0x000001d06c97e3d0 JavaThread "Attach Listener" daemon [_thread_blocked, id=37464, stack(0x000000a154000000,0x000000a154a00000)]
  0x000001d06c986510 JavaThread "Service Thread" daemon [_thread_blocked, id=6676, stack(0x000000a154a00000,0x000000a155400000)]
  0x000001d06c987610 JavaThread "Monitor Deflation Thread" daemon [_thread_blocked, id=12600, stack(0x000000a155400000,0x000000a155e00000)]
  0x000001d06c98a630 JavaThread "C2 CompilerThread0" daemon [_thread_in_native, id=372, stack(0x000000a155e00000,0x000000a155f00000)]
  0x000001d06c98cfa0 JavaThread "C1 CompilerThread0" daemon [_thread_blocked, id=36012, stack(0x000000a155f00000,0x000000a156000000)]
  0x000001d06c98dcc0 JavaThread "Sweeper thread" daemon [_thread_blocked, id=33764, stack(0x000000a156000000,0x000000a156a00000)]
  0x000001d06cc12280 JavaThread "Common-Cleaner" daemon [_thread_blocked, id=34960, stack(0x000000a156a00000,0x000000a157400000)]
  0x000001d06cc13f90 JavaThread "Notification Thread" daemon [_thread_blocked, id=27632, stack(0x000000a157400000,0x000000a157e00000)]
  0x000001d06cd85ae0 JavaThread "Java2D Disposer" daemon [_thread_blocked, id=15052, stack(0x000000a157f00000,0x000000a158900000)]
  0x000001d06cd24240 JavaThread "AWT-Shutdown" [_thread_blocked, id=35484, stack(0x000000a158900000,0x000000a159300000)]
  0x000001d0110f0f40 JavaThread "AWT-Windows" daemon [_thread_in_native, id=4768, stack(0x000000a159300000,0x000000a159d00000)]
  0x000001d011f59850 JavaThread "TimerQueue" daemon [_thread_blocked, id=12188, stack(0x000000a159f00000,0x000000a15a900000)]
  0x000001d011f0b3a0 JavaThread "Thread-0" daemon [_thread_blocked, id=2420, stack(0x000000a15b300000,0x000000a15bd00000)]
  0x000001d01453a380 JavaThread "AWT-EventQueue-0" [_thread_blocked, id=24316, stack(0x000000a15bd00000,0x000000a15c700000)]
  0x000001d01453c530 JavaThread "Thread-1" [_thread_in_native, id=14460, stack(0x000000a150000000,0x000000a151400000)]
  0x000001d01453c060 JavaThread "Process Messages Thread" [_thread_blocked, id=37708, stack(0x000000a15d100000,0x000000a15db00000)]
  0x000001d01453ced0 JavaThread "Batik CleanerThread" daemon [_thread_blocked, id=30284, stack(0x000000a15db00000,0x000000a15e500000)]
  0x000001d01453d3a0 JavaThread "SyntheticaCleanerThread" daemon [_thread_blocked, id=14560, stack(0x000000a15ef00000,0x000000a15f900000)]
  0x000001d0115ba940 JavaThread "C2 CompilerThread1" daemon [_thread_in_native, id=3032, stack(0x000000a159d00000,0x000000a159e00000)]
  0x000001d011940c60 JavaThread "C2 CompilerThread2" daemon [_thread_blocked, id=25676, stack(0x000000a159e00000,0x000000a159f00000)]
  0x000001d0139c0610 JavaThread "Image Fetcher 0" daemon [_thread_blocked, id=19768, stack(0x000000a15e500000,0x000000a15ef00000)]
=>0x000001d0139c27c0 JavaThread "NewProject Thread" [_thread_in_native, id=31668, stack(0x000000a15f900000,0x000000a160300000)]
  0x000001d0139bd5f0 JavaThread "Timer-0" [_thread_blocked, id=28304, stack(0x000000a160300000,0x000000a160d00000)]
  0x000001d0139c0140 JavaThread "Monitor File Timestamp Swing Worker Thread" [_thread_blocked, id=15424, stack(0x000000a160d00000,0x000000a161700000)]
  0x000001d0139bd120 JavaThread "Monitor HEventQueue Thread" [_thread_blocked, id=19888, stack(0x000000a161700000,0x000000a162100000)]
  0x000001d0139bdf90 JavaThread "SyntheticaAnimation 50" daemon [_thread_blocked, id=30704, stack(0x000000a162100000,0x000000a162b00000)]
  0x000001d0139c0ae0 JavaThread "SyntheticaAnimation 25" daemon [_thread_blocked, id=36584, stack(0x000000a162b00000,0x000000a163500000)]
  0x000001d0139be930 JavaThread "Open Project Thread" [_thread_in_native, id=9860, stack(0x000000a163500000,0x000000a163f00000)]
  0x000001d0139c2c90 JavaThread "SyntheticaAnimation 70" daemon [_thread_blocked, id=11356, stack(0x000000a163f00000,0x000000a164900000)]

Other Threads:
  0x000001d06b8893b0 VMThread "VM Thread" [stack: 0x000000a152100000,0x000000a152200000] [id=6584]
  0x000001d06c67ccf0 WatcherThread [stack: 0x000000a157e00000,0x000000a157f00000] [id=920]
  0x000001d06aa38040 GCTaskThread "GC Thread#0" [stack: 0x000000a151b00000,0x000000a151c00000] [id=29816]
  0x000001d06aa37830 GCTaskThread "GC Thread#1" [stack: 0x000000a15a900000,0x000000a15aa00000] [id=37392]
  0x000001d06aa32cf0 GCTaskThread "GC Thread#2" [stack: 0x000000a15aa00000,0x000000a15ab00000] [id=32016]
  0x000001d06aa33a60 GCTaskThread "GC Thread#3" [stack: 0x000000a15ab00000,0x000000a15ac00000] [id=18240]
  0x000001d06aa34520 GCTaskThread "GC Thread#4" [stack: 0x000000a15ac00000,0x000000a15ad00000] [id=15608]
  0x000001d06aa31a20 GCTaskThread "GC Thread#5" [stack: 0x000000a15ad00000,0x000000a15ae00000] [id=8404]
  0x000001d06aa35540 GCTaskThread "GC Thread#6" [stack: 0x000000a15ae00000,0x000000a15af00000] [id=33660]
  0x000001d06aa33fc0 GCTaskThread "GC Thread#7" [stack: 0x000000a15af00000,0x000000a15b000000] [id=19396]
  0x000001d06aa314c0 GCTaskThread "GC Thread#8" [stack: 0x000000a15b000000,0x000000a15b100000] [id=27680]
  0x000001d06aa34270 GCTaskThread "GC Thread#9" [stack: 0x000000a15b100000,0x000000a15b200000] [id=36332]
  0x000001d06abb3ce0 ConcurrentGCThread "G1 Main Marker" [stack: 0x000000a151c00000,0x000000a151d00000] [id=14456]
  0x000001d06aa35aa0 ConcurrentGCThread "G1 Conc#0" [stack: 0x000000a151d00000,0x000000a151e00000] [id=11948]
  0x000001d06aa35d50 ConcurrentGCThread "G1 Conc#1" [stack: 0x000000a15c700000,0x000000a15c800000] [id=30596]
  0x000001d06aa37020 ConcurrentGCThread "G1 Conc#2" [stack: 0x000000a15c800000,0x000000a15c900000] [id=7956]
  0x000001d065d04400 ConcurrentGCThread "G1 Refine#0" [stack: 0x000000a151e00000,0x000000a151f00000] [id=31232]
  0x000001d065d04120 ConcurrentGCThread "G1 Refine#1" [stack: 0x000000a15b200000,0x000000a15b300000] [id=20800]
  0x000001d0695f7c90 ConcurrentGCThread "G1 Service" [stack: 0x000000a151f00000,0x000000a152000000] [id=6020]
  0x000001d06aa33d10 ConcurrentGCThread "StringDedupProcessor" [stack: 0x000000a152000000,0x000000a152100000] [id=12504]

Threads with active compile tasks:
C2 CompilerThread0     9985 8682       4       javax.swing.text.ParagraphView::findEdgeSpan (119 bytes)
C2 CompilerThread1     9985 8562       4       javax.swing.text.html.BlockView::getAttributes (26 bytes)

VM state: not at safepoint (normal execution)

VM Mutex/Monitor currently owned by a thread: None

Heap address: 0x0000000701800000, size: 4072 MB, Compressed Oops mode: Zero based, Oop shift amount: 3

CDS archive(s) mapped at: [0x0000000800000000-0x0000000800bc0000-0x0000000800bc0000), size 12320768, SharedBaseAddress: 0x0000000800000000, ArchiveRelocationMode: 0.
Compressed class space mapped at: 0x0000000800c00000-0x0000000840c00000, reserved size: 1073741824
Narrow klass base: 0x0000000800000000, Narrow klass shift: 0, Narrow klass range: 0x100000000

GC Precious Log:
 CPUs: 12 total, 12 available
 Memory: 32044M
 Large Page Support: Disabled
 NUMA Support: Disabled
 Compressed Oops: Enabled (Zero based)
 Heap Region Size: 2M
 Heap Min Capacity: 512M
 Heap Initial Capacity: 512M
 Heap Max Capacity: 4072M
 Pre-touch: Disabled
 Parallel Workers: 10
 Concurrent Workers: 3
 Concurrent Refinement Workers: 10
 Periodic GC: Disabled
 String Deduplication is enabled

Heap:
 garbage-first heap   total 524288K, used 107002K [0x0000000701800000, 0x0000000800000000)
  region size 2048K, 22 young (45056K), 5 survivors (10240K)
 Metaspace       used 55069K, committed 55488K, reserved 1097728K
  class space    used 7410K, committed 7616K, reserved 1048576K

Heap Regions: E=young(eden), S=young(survivor), O=old, HS=humongous(starts), HC=humongous(continues), CS=collection set, F=free, OA=open archive, CA=closed archive, TAMS=top-at-mark-start (previous, next)
|   0|0x0000000701800000, 0x0000000701a00000, 0x0000000701a00000|100%|HS|  |TAMS 0x0000000701a00000, 0x0000000701800000| Complete 
|   1|0x0000000701a00000, 0x0000000701c00000, 0x0000000701c00000|100%| O|  |TAMS 0x0000000701c00000, 0x0000000701a00000| Untracked 
|   2|0x0000000701c00000, 0x0000000701e00000, 0x0000000701e00000|100%| O|  |TAMS 0x0000000701e00000, 0x0000000701c00000| Untracked 
|   3|0x0000000701e00000, 0x0000000702000000, 0x0000000702000000|100%| O|  |TAMS 0x0000000702000000, 0x0000000701e00000| Untracked 
|   4|0x0000000702000000, 0x0000000702200000, 0x0000000702200000|100%| O|  |TAMS 0x0000000702200000, 0x0000000702000000| Untracked 
|   5|0x0000000702200000, 0x0000000702400000, 0x0000000702400000|100%| O|  |TAMS 0x0000000702400000, 0x0000000702200000| Untracked 
|   6|0x0000000702400000, 0x0000000702600000, 0x0000000702600000|100%| O|  |TAMS 0x0000000702600000, 0x0000000702400000| Untracked 
|   7|0x0000000702600000, 0x0000000702800000, 0x0000000702800000|100%| O|  |TAMS 0x0000000702800000, 0x0000000702600000| Untracked 
|   8|0x0000000702800000, 0x0000000702a00000, 0x0000000702a00000|100%| O|  |TAMS 0x0000000702a00000, 0x0000000702800000| Untracked 
|   9|0x0000000702a00000, 0x0000000702c00000, 0x0000000702c00000|100%| O|  |TAMS 0x0000000702c00000, 0x0000000702a00000| Untracked 
|  10|0x0000000702c00000, 0x0000000702e00000, 0x0000000702e00000|100%| O|  |TAMS 0x0000000702e00000, 0x0000000702c00000| Untracked 
|  11|0x0000000702e00000, 0x0000000703000000, 0x0000000703000000|100%| O|  |TAMS 0x0000000703000000, 0x0000000702e00000| Untracked 
|  12|0x0000000703000000, 0x0000000703186e00, 0x0000000703200000| 76%| O|  |TAMS 0x0000000703186e00, 0x0000000703000000| Untracked 
|  13|0x0000000703200000, 0x0000000703400000, 0x0000000703400000|100%| O|  |TAMS 0x0000000703200000, 0x0000000703200000| Untracked 
|  14|0x0000000703400000, 0x0000000703600000, 0x0000000703600000|100%| O|  |TAMS 0x0000000703400000, 0x0000000703400000| Untracked 
|  15|0x0000000703600000, 0x0000000703800000, 0x0000000703800000|100%| O|  |TAMS 0x0000000703600000, 0x0000000703600000| Untracked 
|  16|0x0000000703800000, 0x0000000703a00000, 0x0000000703a00000|100%| O|  |TAMS 0x0000000703800000, 0x0000000703800000| Untracked 
|  17|0x0000000703a00000, 0x0000000703c00000, 0x0000000703c00000|100%| O|  |TAMS 0x0000000703a00000, 0x0000000703a00000| Untracked 
|  18|0x0000000703c00000, 0x0000000703e00000, 0x0000000703e00000|100%|HS|  |TAMS 0x0000000703e00000, 0x0000000703c00000| Complete 
|  19|0x0000000703e00000, 0x0000000704000000, 0x0000000704000000|100%|HC|  |TAMS 0x0000000704000000, 0x0000000703e00000| Complete 
|  20|0x0000000704000000, 0x0000000704200000, 0x0000000704200000|100%|HC|  |TAMS 0x0000000704200000, 0x0000000704000000| Complete 
|  21|0x0000000704200000, 0x0000000704400000, 0x0000000704400000|100%|HC|  |TAMS 0x0000000704400000, 0x0000000704200000| Complete 
|  22|0x0000000704400000, 0x0000000704600000, 0x0000000704600000|100%|HC|  |TAMS 0x0000000704600000, 0x0000000704400000| Complete 
|  23|0x0000000704600000, 0x0000000704800000, 0x0000000704800000|100%|HC|  |TAMS 0x0000000704800000, 0x0000000704600000| Complete 
|  24|0x0000000704800000, 0x0000000704a00000, 0x0000000704a00000|100%| O|  |TAMS 0x0000000704800000, 0x0000000704800000| Untracked 
|  25|0x0000000704a00000, 0x0000000704c00000, 0x0000000704c00000|100%| O|  |TAMS 0x0000000704a00000, 0x0000000704a00000| Untracked 
|  26|0x0000000704c00000, 0x0000000704e00000, 0x0000000704e00000|100%| O|  |TAMS 0x0000000704c00000, 0x0000000704c00000| Untracked 
|  27|0x0000000704e00000, 0x0000000704ef7c00, 0x0000000705000000| 48%| O|  |TAMS 0x0000000704e00000, 0x0000000704e00000| Untracked 
|  28|0x0000000705000000, 0x0000000705200000, 0x0000000705200000|100%|HS|  |TAMS 0x0000000705000000, 0x0000000705000000| Complete 
|  29|0x0000000705200000, 0x0000000705400000, 0x0000000705400000|100%|HC|  |TAMS 0x0000000705200000, 0x0000000705200000| Complete 
|  30|0x0000000705400000, 0x0000000705600000, 0x0000000705600000|100%|HC|  |TAMS 0x0000000705400000, 0x0000000705400000| Complete 
|  31|0x0000000705600000, 0x0000000705800000, 0x0000000705800000|100%|HC|  |TAMS 0x0000000705600000, 0x0000000705600000| Complete 
|  32|0x0000000705800000, 0x0000000705800000, 0x0000000705a00000|  0%| F|  |TAMS 0x0000000705800000, 0x0000000705800000| Untracked 
|  33|0x0000000705a00000, 0x0000000705a00000, 0x0000000705c00000|  0%| F|  |TAMS 0x0000000705a00000, 0x0000000705a00000| Untracked 
|  34|0x0000000705c00000, 0x0000000705c00000, 0x0000000705e00000|  0%| F|  |TAMS 0x0000000705c00000, 0x0000000705c00000| Untracked 
|  35|0x0000000705e00000, 0x0000000705e00000, 0x0000000706000000|  0%| F|  |TAMS 0x0000000705e00000, 0x0000000705e00000| Untracked 
|  36|0x0000000706000000, 0x0000000706200000, 0x0000000706200000|100%| O|  |TAMS 0x0000000706000000, 0x0000000706000000| Untracked 
|  37|0x0000000706200000, 0x0000000706200000, 0x0000000706400000|  0%| F|  |TAMS 0x0000000706200000, 0x0000000706200000| Untracked 
|  38|0x0000000706400000, 0x0000000706400000, 0x0000000706600000|  0%| F|  |TAMS 0x0000000706400000, 0x0000000706400000| Untracked 
|  39|0x0000000706600000, 0x0000000706600000, 0x0000000706800000|  0%| F|  |TAMS 0x0000000706600000, 0x0000000706600000| Untracked 
|  40|0x0000000706800000, 0x0000000706800000, 0x0000000706a00000|  0%| F|  |TAMS 0x0000000706800000, 0x0000000706800000| Untracked 
|  41|0x0000000706a00000, 0x0000000706a00000, 0x0000000706c00000|  0%| F|  |TAMS 0x0000000706a00000, 0x0000000706a00000| Untracked 
|  42|0x0000000706c00000, 0x0000000706c00000, 0x0000000706e00000|  0%| F|  |TAMS 0x0000000706c00000, 0x0000000706c00000| Untracked 
|  43|0x0000000706e00000, 0x0000000706e00000, 0x0000000707000000|  0%| F|  |TAMS 0x0000000706e00000, 0x0000000706e00000| Untracked 
|  44|0x0000000707000000, 0x0000000707000000, 0x0000000707200000|  0%| F|  |TAMS 0x0000000707000000, 0x0000000707000000| Untracked 
|  45|0x0000000707200000, 0x0000000707200000, 0x0000000707400000|  0%| F|  |TAMS 0x0000000707200000, 0x0000000707200000| Untracked 
|  46|0x0000000707400000, 0x0000000707400000, 0x0000000707600000|  0%| F|  |TAMS 0x0000000707400000, 0x0000000707400000| Untracked 
|  47|0x0000000707600000, 0x0000000707600000, 0x0000000707800000|  0%| F|  |TAMS 0x0000000707600000, 0x0000000707600000| Untracked 
|  48|0x0000000707800000, 0x0000000707800000, 0x0000000707a00000|  0%| F|  |TAMS 0x0000000707800000, 0x0000000707800000| Untracked 
|  49|0x0000000707a00000, 0x0000000707a00000, 0x0000000707c00000|  0%| F|  |TAMS 0x0000000707a00000, 0x0000000707a00000| Untracked 
|  50|0x0000000707c00000, 0x0000000707c00000, 0x0000000707e00000|  0%| F|  |TAMS 0x0000000707c00000, 0x0000000707c00000| Untracked 
|  51|0x0000000707e00000, 0x0000000707e00000, 0x0000000708000000|  0%| F|  |TAMS 0x0000000707e00000, 0x0000000707e00000| Untracked 
|  52|0x0000000708000000, 0x0000000708000000, 0x0000000708200000|  0%| F|  |TAMS 0x0000000708000000, 0x0000000708000000| Untracked 
|  53|0x0000000708200000, 0x0000000708200000, 0x0000000708400000|  0%| F|  |TAMS 0x0000000708200000, 0x0000000708200000| Untracked 
|  54|0x0000000708400000, 0x0000000708400000, 0x0000000708600000|  0%| F|  |TAMS 0x0000000708400000, 0x0000000708400000| Untracked 
|  55|0x0000000708600000, 0x0000000708600000, 0x0000000708800000|  0%| F|  |TAMS 0x0000000708600000, 0x0000000708600000| Untracked 
|  56|0x0000000708800000, 0x0000000708800000, 0x0000000708a00000|  0%| F|  |TAMS 0x0000000708800000, 0x0000000708800000| Untracked 
|  57|0x0000000708a00000, 0x0000000708a00000, 0x0000000708c00000|  0%| F|  |TAMS 0x0000000708a00000, 0x0000000708a00000| Untracked 
|  58|0x0000000708c00000, 0x0000000708c00000, 0x0000000708e00000|  0%| F|  |TAMS 0x0000000708c00000, 0x0000000708c00000| Untracked 
|  59|0x0000000708e00000, 0x0000000708e00000, 0x0000000709000000|  0%| F|  |TAMS 0x0000000708e00000, 0x0000000708e00000| Untracked 
|  60|0x0000000709000000, 0x0000000709000000, 0x0000000709200000|  0%| F|  |TAMS 0x0000000709000000, 0x0000000709000000| Untracked 
|  61|0x0000000709200000, 0x0000000709200000, 0x0000000709400000|  0%| F|  |TAMS 0x0000000709200000, 0x0000000709200000| Untracked 
|  62|0x0000000709400000, 0x0000000709400000, 0x0000000709600000|  0%| F|  |TAMS 0x0000000709400000, 0x0000000709400000| Untracked 
|  63|0x0000000709600000, 0x0000000709600000, 0x0000000709800000|  0%| F|  |TAMS 0x0000000709600000, 0x0000000709600000| Untracked 
|  64|0x0000000709800000, 0x0000000709800000, 0x0000000709a00000|  0%| F|  |TAMS 0x0000000709800000, 0x0000000709800000| Untracked 
|  65|0x0000000709a00000, 0x0000000709a00000, 0x0000000709c00000|  0%| F|  |TAMS 0x0000000709a00000, 0x0000000709a00000| Untracked 
|  66|0x0000000709c00000, 0x0000000709c00000, 0x0000000709e00000|  0%| F|  |TAMS 0x0000000709c00000, 0x0000000709c00000| Untracked 
|  67|0x0000000709e00000, 0x0000000709e00000, 0x000000070a000000|  0%| F|  |TAMS 0x0000000709e00000, 0x0000000709e00000| Untracked 
|  68|0x000000070a000000, 0x000000070a000000, 0x000000070a200000|  0%| F|  |TAMS 0x000000070a000000, 0x000000070a000000| Untracked 
|  69|0x000000070a200000, 0x000000070a200000, 0x000000070a400000|  0%| F|  |TAMS 0x000000070a200000, 0x000000070a200000| Untracked 
|  70|0x000000070a400000, 0x000000070a400000, 0x000000070a600000|  0%| F|  |TAMS 0x000000070a400000, 0x000000070a400000| Untracked 
|  71|0x000000070a600000, 0x000000070a600000, 0x000000070a800000|  0%| F|  |TAMS 0x000000070a600000, 0x000000070a600000| Untracked 
|  72|0x000000070a800000, 0x000000070a800000, 0x000000070aa00000|  0%| F|  |TAMS 0x000000070a800000, 0x000000070a800000| Untracked 
|  73|0x000000070aa00000, 0x000000070aa00000, 0x000000070ac00000|  0%| F|  |TAMS 0x000000070aa00000, 0x000000070aa00000| Untracked 
|  74|0x000000070ac00000, 0x000000070ac00000, 0x000000070ae00000|  0%| F|  |TAMS 0x000000070ac00000, 0x000000070ac00000| Untracked 
|  75|0x000000070ae00000, 0x000000070ae00000, 0x000000070b000000|  0%| F|  |TAMS 0x000000070ae00000, 0x000000070ae00000| Untracked 
|  76|0x000000070b000000, 0x000000070b000000, 0x000000070b200000|  0%| F|  |TAMS 0x000000070b000000, 0x000000070b000000| Untracked 
|  77|0x000000070b200000, 0x000000070b200000, 0x000000070b400000|  0%| F|  |TAMS 0x000000070b200000, 0x000000070b200000| Untracked 
|  78|0x000000070b400000, 0x000000070b400000, 0x000000070b600000|  0%| F|  |TAMS 0x000000070b400000, 0x000000070b400000| Untracked 
|  79|0x000000070b600000, 0x000000070b600000, 0x000000070b800000|  0%| F|  |TAMS 0x000000070b600000, 0x000000070b600000| Untracked 
|  80|0x000000070b800000, 0x000000070b800000, 0x000000070ba00000|  0%| F|  |TAMS 0x000000070b800000, 0x000000070b800000| Untracked 
|  81|0x000000070ba00000, 0x000000070ba00000, 0x000000070bc00000|  0%| F|  |TAMS 0x000000070ba00000, 0x000000070ba00000| Untracked 
|  82|0x000000070bc00000, 0x000000070bc00000, 0x000000070be00000|  0%| F|  |TAMS 0x000000070bc00000, 0x000000070bc00000| Untracked 
|  83|0x000000070be00000, 0x000000070be00000, 0x000000070c000000|  0%| F|  |TAMS 0x000000070be00000, 0x000000070be00000| Untracked 
|  84|0x000000070c000000, 0x000000070c000000, 0x000000070c200000|  0%| F|  |TAMS 0x000000070c000000, 0x000000070c000000| Untracked 
|  85|0x000000070c200000, 0x000000070c200000, 0x000000070c400000|  0%| F|  |TAMS 0x000000070c200000, 0x000000070c200000| Untracked 
|  86|0x000000070c400000, 0x000000070c400000, 0x000000070c600000|  0%| F|  |TAMS 0x000000070c400000, 0x000000070c400000| Untracked 
|  87|0x000000070c600000, 0x000000070c600000, 0x000000070c800000|  0%| F|  |TAMS 0x000000070c600000, 0x000000070c600000| Untracked 
|  88|0x000000070c800000, 0x000000070c800000, 0x000000070ca00000|  0%| F|  |TAMS 0x000000070c800000, 0x000000070c800000| Untracked 
|  89|0x000000070ca00000, 0x000000070ca00000, 0x000000070cc00000|  0%| F|  |TAMS 0x000000070ca00000, 0x000000070ca00000| Untracked 
|  90|0x000000070cc00000, 0x000000070cc00000, 0x000000070ce00000|  0%| F|  |TAMS 0x000000070cc00000, 0x000000070cc00000| Untracked 
|  91|0x000000070ce00000, 0x000000070ce00000, 0x000000070d000000|  0%| F|  |TAMS 0x000000070ce00000, 0x000000070ce00000| Untracked 
|  92|0x000000070d000000, 0x000000070d000000, 0x000000070d200000|  0%| F|  |TAMS 0x000000070d000000, 0x000000070d000000| Untracked 
|  93|0x000000070d200000, 0x000000070d200000, 0x000000070d400000|  0%| F|  |TAMS 0x000000070d200000, 0x000000070d200000| Untracked 
|  94|0x000000070d400000, 0x000000070d400000, 0x000000070d600000|  0%| F|  |TAMS 0x000000070d400000, 0x000000070d400000| Untracked 
|  95|0x000000070d600000, 0x000000070d600000, 0x000000070d800000|  0%| F|  |TAMS 0x000000070d600000, 0x000000070d600000| Untracked 
|  96|0x000000070d800000, 0x000000070d800000, 0x000000070da00000|  0%| F|  |TAMS 0x000000070d800000, 0x000000070d800000| Untracked 
|  97|0x000000070da00000, 0x000000070da00000, 0x000000070dc00000|  0%| F|  |TAMS 0x000000070da00000, 0x000000070da00000| Untracked 
|  98|0x000000070dc00000, 0x000000070dc00000, 0x000000070de00000|  0%| F|  |TAMS 0x000000070dc00000, 0x000000070dc00000| Untracked 
|  99|0x000000070de00000, 0x000000070de00000, 0x000000070e000000|  0%| F|  |TAMS 0x000000070de00000, 0x000000070de00000| Untracked 
| 100|0x000000070e000000, 0x000000070e000000, 0x000000070e200000|  0%| F|  |TAMS 0x000000070e000000, 0x000000070e000000| Untracked 
| 101|0x000000070e200000, 0x000000070e200000, 0x000000070e400000|  0%| F|  |TAMS 0x000000070e200000, 0x000000070e200000| Untracked 
| 102|0x000000070e400000, 0x000000070e400000, 0x000000070e600000|  0%| F|  |TAMS 0x000000070e400000, 0x000000070e400000| Untracked 
| 103|0x000000070e600000, 0x000000070e600000, 0x000000070e800000|  0%| F|  |TAMS 0x000000070e600000, 0x000000070e600000| Untracked 
| 104|0x000000070e800000, 0x000000070e800000, 0x000000070ea00000|  0%| F|  |TAMS 0x000000070e800000, 0x000000070e800000| Untracked 
| 105|0x000000070ea00000, 0x000000070ea00000, 0x000000070ec00000|  0%| F|  |TAMS 0x000000070ea00000, 0x000000070ea00000| Untracked 
| 106|0x000000070ec00000, 0x000000070ec00000, 0x000000070ee00000|  0%| F|  |TAMS 0x000000070ec00000, 0x000000070ec00000| Untracked 
| 107|0x000000070ee00000, 0x000000070ee00000, 0x000000070f000000|  0%| F|  |TAMS 0x000000070ee00000, 0x000000070ee00000| Untracked 
| 108|0x000000070f000000, 0x000000070f000000, 0x000000070f200000|  0%| F|  |TAMS 0x000000070f000000, 0x000000070f000000| Untracked 
| 109|0x000000070f200000, 0x000000070f200000, 0x000000070f400000|  0%| F|  |TAMS 0x000000070f200000, 0x000000070f200000| Untracked 
| 110|0x000000070f400000, 0x000000070f400000, 0x000000070f600000|  0%| F|  |TAMS 0x000000070f400000, 0x000000070f400000| Untracked 
| 111|0x000000070f600000, 0x000000070f600000, 0x000000070f800000|  0%| F|  |TAMS 0x000000070f600000, 0x000000070f600000| Untracked 
| 112|0x000000070f800000, 0x000000070f800000, 0x000000070fa00000|  0%| F|  |TAMS 0x000000070f800000, 0x000000070f800000| Untracked 
| 113|0x000000070fa00000, 0x000000070fa00000, 0x000000070fc00000|  0%| F|  |TAMS 0x000000070fa00000, 0x000000070fa00000| Untracked 
| 114|0x000000070fc00000, 0x000000070fc00000, 0x000000070fe00000|  0%| F|  |TAMS 0x000000070fc00000, 0x000000070fc00000| Untracked 
| 115|0x000000070fe00000, 0x000000070fe00000, 0x0000000710000000|  0%| F|  |TAMS 0x000000070fe00000, 0x000000070fe00000| Untracked 
| 116|0x0000000710000000, 0x0000000710000000, 0x0000000710200000|  0%| F|  |TAMS 0x0000000710000000, 0x0000000710000000| Untracked 
| 117|0x0000000710200000, 0x0000000710200000, 0x0000000710400000|  0%| F|  |TAMS 0x0000000710200000, 0x0000000710200000| Untracked 
| 118|0x0000000710400000, 0x0000000710400000, 0x0000000710600000|  0%| F|  |TAMS 0x0000000710400000, 0x0000000710400000| Untracked 
| 119|0x0000000710600000, 0x0000000710600000, 0x0000000710800000|  0%| F|  |TAMS 0x0000000710600000, 0x0000000710600000| Untracked 
| 120|0x0000000710800000, 0x0000000710800000, 0x0000000710a00000|  0%| F|  |TAMS 0x0000000710800000, 0x0000000710800000| Untracked 
| 121|0x0000000710a00000, 0x0000000710a00000, 0x0000000710c00000|  0%| F|  |TAMS 0x0000000710a00000, 0x0000000710a00000| Untracked 
| 122|0x0000000710c00000, 0x0000000710c00000, 0x0000000710e00000|  0%| F|  |TAMS 0x0000000710c00000, 0x0000000710c00000| Untracked 
| 123|0x0000000710e00000, 0x0000000710e00000, 0x0000000711000000|  0%| F|  |TAMS 0x0000000710e00000, 0x0000000710e00000| Untracked 
| 124|0x0000000711000000, 0x0000000711000000, 0x0000000711200000|  0%| F|  |TAMS 0x0000000711000000, 0x0000000711000000| Untracked 
| 125|0x0000000711200000, 0x0000000711200000, 0x0000000711400000|  0%| F|  |TAMS 0x0000000711200000, 0x0000000711200000| Untracked 
| 126|0x0000000711400000, 0x0000000711400000, 0x0000000711600000|  0%| F|  |TAMS 0x0000000711400000, 0x0000000711400000| Untracked 
| 127|0x0000000711600000, 0x0000000711600000, 0x0000000711800000|  0%| F|  |TAMS 0x0000000711600000, 0x0000000711600000| Untracked 
| 128|0x0000000711800000, 0x0000000711800000, 0x0000000711a00000|  0%| F|  |TAMS 0x0000000711800000, 0x0000000711800000| Untracked 
| 129|0x0000000711a00000, 0x0000000711a00000, 0x0000000711c00000|  0%| F|  |TAMS 0x0000000711a00000, 0x0000000711a00000| Untracked 
| 130|0x0000000711c00000, 0x0000000711c00000, 0x0000000711e00000|  0%| F|  |TAMS 0x0000000711c00000, 0x0000000711c00000| Untracked 
| 131|0x0000000711e00000, 0x0000000711e00000, 0x0000000712000000|  0%| F|  |TAMS 0x0000000711e00000, 0x0000000711e00000| Untracked 
| 132|0x0000000712000000, 0x0000000712000000, 0x0000000712200000|  0%| F|  |TAMS 0x0000000712000000, 0x0000000712000000| Untracked 
| 133|0x0000000712200000, 0x0000000712200000, 0x0000000712400000|  0%| F|  |TAMS 0x0000000712200000, 0x0000000712200000| Untracked 
| 134|0x0000000712400000, 0x0000000712400000, 0x0000000712600000|  0%| F|  |TAMS 0x0000000712400000, 0x0000000712400000| Untracked 
| 135|0x0000000712600000, 0x0000000712600000, 0x0000000712800000|  0%| F|  |TAMS 0x0000000712600000, 0x0000000712600000| Untracked 
| 136|0x0000000712800000, 0x0000000712800000, 0x0000000712a00000|  0%| F|  |TAMS 0x0000000712800000, 0x0000000712800000| Untracked 
| 137|0x0000000712a00000, 0x0000000712a00000, 0x0000000712c00000|  0%| F|  |TAMS 0x0000000712a00000, 0x0000000712a00000| Untracked 
| 138|0x0000000712c00000, 0x0000000712c00000, 0x0000000712e00000|  0%| F|  |TAMS 0x0000000712c00000, 0x0000000712c00000| Untracked 
| 139|0x0000000712e00000, 0x0000000712e00000, 0x0000000713000000|  0%| F|  |TAMS 0x0000000712e00000, 0x0000000712e00000| Untracked 
| 140|0x0000000713000000, 0x0000000713000000, 0x0000000713200000|  0%| F|  |TAMS 0x0000000713000000, 0x0000000713000000| Untracked 
| 141|0x0000000713200000, 0x0000000713200000, 0x0000000713400000|  0%| F|  |TAMS 0x0000000713200000, 0x0000000713200000| Untracked 
| 142|0x0000000713400000, 0x0000000713400000, 0x0000000713600000|  0%| F|  |TAMS 0x0000000713400000, 0x0000000713400000| Untracked 
| 143|0x0000000713600000, 0x0000000713600000, 0x0000000713800000|  0%| F|  |TAMS 0x0000000713600000, 0x0000000713600000| Untracked 
| 144|0x0000000713800000, 0x0000000713800000, 0x0000000713a00000|  0%| F|  |TAMS 0x0000000713800000, 0x0000000713800000| Untracked 
| 145|0x0000000713a00000, 0x0000000713a00000, 0x0000000713c00000|  0%| F|  |TAMS 0x0000000713a00000, 0x0000000713a00000| Untracked 
| 146|0x0000000713c00000, 0x0000000713c00000, 0x0000000713e00000|  0%| F|  |TAMS 0x0000000713c00000, 0x0000000713c00000| Untracked 
| 147|0x0000000713e00000, 0x0000000713e00000, 0x0000000714000000|  0%| F|  |TAMS 0x0000000713e00000, 0x0000000713e00000| Untracked 
| 148|0x0000000714000000, 0x0000000714000000, 0x0000000714200000|  0%| F|  |TAMS 0x0000000714000000, 0x0000000714000000| Untracked 
| 149|0x0000000714200000, 0x0000000714200000, 0x0000000714400000|  0%| F|  |TAMS 0x0000000714200000, 0x0000000714200000| Untracked 
| 150|0x0000000714400000, 0x0000000714400000, 0x0000000714600000|  0%| F|  |TAMS 0x0000000714400000, 0x0000000714400000| Untracked 
| 151|0x0000000714600000, 0x0000000714600000, 0x0000000714800000|  0%| F|  |TAMS 0x0000000714600000, 0x0000000714600000| Untracked 
| 152|0x0000000714800000, 0x0000000714800000, 0x0000000714a00000|  0%| F|  |TAMS 0x0000000714800000, 0x0000000714800000| Untracked 
| 153|0x0000000714a00000, 0x0000000714a00000, 0x0000000714c00000|  0%| F|  |TAMS 0x0000000714a00000, 0x0000000714a00000| Untracked 
| 154|0x0000000714c00000, 0x0000000714c00000, 0x0000000714e00000|  0%| F|  |TAMS 0x0000000714c00000, 0x0000000714c00000| Untracked 
| 155|0x0000000714e00000, 0x0000000714e00000, 0x0000000715000000|  0%| F|  |TAMS 0x0000000714e00000, 0x0000000714e00000| Untracked 
| 156|0x0000000715000000, 0x0000000715000000, 0x0000000715200000|  0%| F|  |TAMS 0x0000000715000000, 0x0000000715000000| Untracked 
| 157|0x0000000715200000, 0x0000000715200000, 0x0000000715400000|  0%| F|  |TAMS 0x0000000715200000, 0x0000000715200000| Untracked 
| 158|0x0000000715400000, 0x0000000715400000, 0x0000000715600000|  0%| F|  |TAMS 0x0000000715400000, 0x0000000715400000| Untracked 
| 159|0x0000000715600000, 0x0000000715600000, 0x0000000715800000|  0%| F|  |TAMS 0x0000000715600000, 0x0000000715600000| Untracked 
| 160|0x0000000715800000, 0x0000000715800000, 0x0000000715a00000|  0%| F|  |TAMS 0x0000000715800000, 0x0000000715800000| Untracked 
| 161|0x0000000715a00000, 0x0000000715a00000, 0x0000000715c00000|  0%| F|  |TAMS 0x0000000715a00000, 0x0000000715a00000| Untracked 
| 162|0x0000000715c00000, 0x0000000715c00000, 0x0000000715e00000|  0%| F|  |TAMS 0x0000000715c00000, 0x0000000715c00000| Untracked 
| 163|0x0000000715e00000, 0x0000000715e00000, 0x0000000716000000|  0%| F|  |TAMS 0x0000000715e00000, 0x0000000715e00000| Untracked 
| 164|0x0000000716000000, 0x0000000716000000, 0x0000000716200000|  0%| F|  |TAMS 0x0000000716000000, 0x0000000716000000| Untracked 
| 165|0x0000000716200000, 0x0000000716200000, 0x0000000716400000|  0%| F|  |TAMS 0x0000000716200000, 0x0000000716200000| Untracked 
| 166|0x0000000716400000, 0x0000000716400000, 0x0000000716600000|  0%| F|  |TAMS 0x0000000716400000, 0x0000000716400000| Untracked 
| 167|0x0000000716600000, 0x0000000716600000, 0x0000000716800000|  0%| F|  |TAMS 0x0000000716600000, 0x0000000716600000| Untracked 
| 168|0x0000000716800000, 0x0000000716800000, 0x0000000716a00000|  0%| F|  |TAMS 0x0000000716800000, 0x0000000716800000| Untracked 
| 169|0x0000000716a00000, 0x0000000716a00000, 0x0000000716c00000|  0%| F|  |TAMS 0x0000000716a00000, 0x0000000716a00000| Untracked 
| 170|0x0000000716c00000, 0x0000000716c00000, 0x0000000716e00000|  0%| F|  |TAMS 0x0000000716c00000, 0x0000000716c00000| Untracked 
| 171|0x0000000716e00000, 0x0000000716e00000, 0x0000000717000000|  0%| F|  |TAMS 0x0000000716e00000, 0x0000000716e00000| Untracked 
| 172|0x0000000717000000, 0x0000000717000000, 0x0000000717200000|  0%| F|  |TAMS 0x0000000717000000, 0x0000000717000000| Untracked 
| 173|0x0000000717200000, 0x0000000717200000, 0x0000000717400000|  0%| F|  |TAMS 0x0000000717200000, 0x0000000717200000| Untracked 
| 174|0x0000000717400000, 0x0000000717400000, 0x0000000717600000|  0%| F|  |TAMS 0x0000000717400000, 0x0000000717400000| Untracked 
| 175|0x0000000717600000, 0x0000000717600000, 0x0000000717800000|  0%| F|  |TAMS 0x0000000717600000, 0x0000000717600000| Untracked 
| 176|0x0000000717800000, 0x0000000717800000, 0x0000000717a00000|  0%| F|  |TAMS 0x0000000717800000, 0x0000000717800000| Untracked 
| 177|0x0000000717a00000, 0x0000000717a00000, 0x0000000717c00000|  0%| F|  |TAMS 0x0000000717a00000, 0x0000000717a00000| Untracked 
| 178|0x0000000717c00000, 0x0000000717c00000, 0x0000000717e00000|  0%| F|  |TAMS 0x0000000717c00000, 0x0000000717c00000| Untracked 
| 179|0x0000000717e00000, 0x0000000717e00000, 0x0000000718000000|  0%| F|  |TAMS 0x0000000717e00000, 0x0000000717e00000| Untracked 
| 180|0x0000000718000000, 0x0000000718000000, 0x0000000718200000|  0%| F|  |TAMS 0x0000000718000000, 0x0000000718000000| Untracked 
| 181|0x0000000718200000, 0x0000000718200000, 0x0000000718400000|  0%| F|  |TAMS 0x0000000718200000, 0x0000000718200000| Untracked 
| 182|0x0000000718400000, 0x0000000718400000, 0x0000000718600000|  0%| F|  |TAMS 0x0000000718400000, 0x0000000718400000| Untracked 
| 183|0x0000000718600000, 0x0000000718600000, 0x0000000718800000|  0%| F|  |TAMS 0x0000000718600000, 0x0000000718600000| Untracked 
| 184|0x0000000718800000, 0x0000000718800000, 0x0000000718a00000|  0%| F|  |TAMS 0x0000000718800000, 0x0000000718800000| Untracked 
| 185|0x0000000718a00000, 0x0000000718a00000, 0x0000000718c00000|  0%| F|  |TAMS 0x0000000718a00000, 0x0000000718a00000| Untracked 
| 186|0x0000000718c00000, 0x0000000718c00000, 0x0000000718e00000|  0%| F|  |TAMS 0x0000000718c00000, 0x0000000718c00000| Untracked 
| 187|0x0000000718e00000, 0x0000000718e00000, 0x0000000719000000|  0%| F|  |TAMS 0x0000000718e00000, 0x0000000718e00000| Untracked 
| 188|0x0000000719000000, 0x0000000719000000, 0x0000000719200000|  0%| F|  |TAMS 0x0000000719000000, 0x0000000719000000| Untracked 
| 189|0x0000000719200000, 0x0000000719200000, 0x0000000719400000|  0%| F|  |TAMS 0x0000000719200000, 0x0000000719200000| Untracked 
| 190|0x0000000719400000, 0x0000000719400000, 0x0000000719600000|  0%| F|  |TAMS 0x0000000719400000, 0x0000000719400000| Untracked 
| 191|0x0000000719600000, 0x0000000719600000, 0x0000000719800000|  0%| F|  |TAMS 0x0000000719600000, 0x0000000719600000| Untracked 
| 192|0x0000000719800000, 0x0000000719800000, 0x0000000719a00000|  0%| F|  |TAMS 0x0000000719800000, 0x0000000719800000| Untracked 
| 193|0x0000000719a00000, 0x0000000719a00000, 0x0000000719c00000|  0%| F|  |TAMS 0x0000000719a00000, 0x0000000719a00000| Untracked 
| 194|0x0000000719c00000, 0x0000000719c00000, 0x0000000719e00000|  0%| F|  |TAMS 0x0000000719c00000, 0x0000000719c00000| Untracked 
| 195|0x0000000719e00000, 0x0000000719e00000, 0x000000071a000000|  0%| F|  |TAMS 0x0000000719e00000, 0x0000000719e00000| Untracked 
| 196|0x000000071a000000, 0x000000071a000000, 0x000000071a200000|  0%| F|  |TAMS 0x000000071a000000, 0x000000071a000000| Untracked 
| 197|0x000000071a200000, 0x000000071a200000, 0x000000071a400000|  0%| F|  |TAMS 0x000000071a200000, 0x000000071a200000| Untracked 
| 198|0x000000071a400000, 0x000000071a400000, 0x000000071a600000|  0%| F|  |TAMS 0x000000071a400000, 0x000000071a400000| Untracked 
| 199|0x000000071a600000, 0x000000071a600000, 0x000000071a800000|  0%| F|  |TAMS 0x000000071a600000, 0x000000071a600000| Untracked 
| 200|0x000000071a800000, 0x000000071a800000, 0x000000071aa00000|  0%| F|  |TAMS 0x000000071a800000, 0x000000071a800000| Untracked 
| 201|0x000000071aa00000, 0x000000071aa00000, 0x000000071ac00000|  0%| F|  |TAMS 0x000000071aa00000, 0x000000071aa00000| Untracked 
| 202|0x000000071ac00000, 0x000000071ac00000, 0x000000071ae00000|  0%| F|  |TAMS 0x000000071ac00000, 0x000000071ac00000| Untracked 
| 203|0x000000071ae00000, 0x000000071ae00000, 0x000000071b000000|  0%| F|  |TAMS 0x000000071ae00000, 0x000000071ae00000| Untracked 
| 204|0x000000071b000000, 0x000000071b000000, 0x000000071b200000|  0%| F|  |TAMS 0x000000071b000000, 0x000000071b000000| Untracked 
| 205|0x000000071b200000, 0x000000071b200000, 0x000000071b400000|  0%| F|  |TAMS 0x000000071b200000, 0x000000071b200000| Untracked 
| 206|0x000000071b400000, 0x000000071b400000, 0x000000071b600000|  0%| F|  |TAMS 0x000000071b400000, 0x000000071b400000| Untracked 
| 207|0x000000071b600000, 0x000000071b600000, 0x000000071b800000|  0%| F|  |TAMS 0x000000071b600000, 0x000000071b600000| Untracked 
| 208|0x000000071b800000, 0x000000071b800000, 0x000000071ba00000|  0%| F|  |TAMS 0x000000071b800000, 0x000000071b800000| Untracked 
| 209|0x000000071ba00000, 0x000000071ba00000, 0x000000071bc00000|  0%| F|  |TAMS 0x000000071ba00000, 0x000000071ba00000| Untracked 
| 210|0x000000071bc00000, 0x000000071bc00000, 0x000000071be00000|  0%| F|  |TAMS 0x000000071bc00000, 0x000000071bc00000| Untracked 
| 211|0x000000071be00000, 0x000000071be00000, 0x000000071c000000|  0%| F|  |TAMS 0x000000071be00000, 0x000000071be00000| Untracked 
| 212|0x000000071c000000, 0x000000071c000000, 0x000000071c200000|  0%| F|  |TAMS 0x000000071c000000, 0x000000071c000000| Untracked 
| 213|0x000000071c200000, 0x000000071c200000, 0x000000071c400000|  0%| F|  |TAMS 0x000000071c200000, 0x000000071c200000| Untracked 
| 214|0x000000071c400000, 0x000000071c400000, 0x000000071c600000|  0%| F|  |TAMS 0x000000071c400000, 0x000000071c400000| Untracked 
| 215|0x000000071c600000, 0x000000071c600000, 0x000000071c800000|  0%| F|  |TAMS 0x000000071c600000, 0x000000071c600000| Untracked 
| 216|0x000000071c800000, 0x000000071ca00000, 0x000000071ca00000|100%| S|CS|TAMS 0x000000071c800000, 0x000000071c800000| Complete 
| 217|0x000000071ca00000, 0x000000071cc00000, 0x000000071cc00000|100%| S|CS|TAMS 0x000000071ca00000, 0x000000071ca00000| Complete 
| 218|0x000000071cc00000, 0x000000071ce00000, 0x000000071ce00000|100%| S|CS|TAMS 0x000000071cc00000, 0x000000071cc00000| Complete 
| 219|0x000000071ce00000, 0x000000071d000000, 0x000000071d000000|100%| S|CS|TAMS 0x000000071ce00000, 0x000000071ce00000| Complete 
| 220|0x000000071d000000, 0x000000071d200000, 0x000000071d200000|100%| S|CS|TAMS 0x000000071d000000, 0x000000071d000000| Complete 
| 221|0x000000071d200000, 0x000000071d200000, 0x000000071d400000|  0%| F|  |TAMS 0x000000071d200000, 0x000000071d200000| Untracked 
| 222|0x000000071d400000, 0x000000071d400000, 0x000000071d600000|  0%| F|  |TAMS 0x000000071d400000, 0x000000071d400000| Untracked 
| 223|0x000000071d600000, 0x000000071d600000, 0x000000071d800000|  0%| F|  |TAMS 0x000000071d600000, 0x000000071d600000| Untracked 
| 224|0x000000071d800000, 0x000000071d800000, 0x000000071da00000|  0%| F|  |TAMS 0x000000071d800000, 0x000000071d800000| Untracked 
| 225|0x000000071da00000, 0x000000071da00000, 0x000000071dc00000|  0%| F|  |TAMS 0x000000071da00000, 0x000000071da00000| Untracked 
| 226|0x000000071dc00000, 0x000000071dc00000, 0x000000071de00000|  0%| F|  |TAMS 0x000000071dc00000, 0x000000071dc00000| Untracked 
| 227|0x000000071de00000, 0x000000071de00000, 0x000000071e000000|  0%| F|  |TAMS 0x000000071de00000, 0x000000071de00000| Untracked 
| 228|0x000000071e000000, 0x000000071e000000, 0x000000071e200000|  0%| F|  |TAMS 0x000000071e000000, 0x000000071e000000| Untracked 
| 229|0x000000071e200000, 0x000000071e200000, 0x000000071e400000|  0%| F|  |TAMS 0x000000071e200000, 0x000000071e200000| Untracked 
| 230|0x000000071e400000, 0x000000071e400000, 0x000000071e600000|  0%| F|  |TAMS 0x000000071e400000, 0x000000071e400000| Untracked 
| 231|0x000000071e600000, 0x000000071e600000, 0x000000071e800000|  0%| F|  |TAMS 0x000000071e600000, 0x000000071e600000| Untracked 
| 232|0x000000071e800000, 0x000000071e800000, 0x000000071ea00000|  0%| F|  |TAMS 0x000000071e800000, 0x000000071e800000| Untracked 
| 233|0x000000071ea00000, 0x000000071ea00000, 0x000000071ec00000|  0%| F|  |TAMS 0x000000071ea00000, 0x000000071ea00000| Untracked 
| 234|0x000000071ec00000, 0x000000071ec00000, 0x000000071ee00000|  0%| F|  |TAMS 0x000000071ec00000, 0x000000071ec00000| Untracked 
| 235|0x000000071ee00000, 0x000000071ee00000, 0x000000071f000000|  0%| F|  |TAMS 0x000000071ee00000, 0x000000071ee00000| Untracked 
| 236|0x000000071f000000, 0x000000071f000000, 0x000000071f200000|  0%| F|  |TAMS 0x000000071f000000, 0x000000071f000000| Untracked 
| 237|0x000000071f200000, 0x000000071f200000, 0x000000071f400000|  0%| F|  |TAMS 0x000000071f200000, 0x000000071f200000| Untracked 
| 238|0x000000071f400000, 0x000000071f400000, 0x000000071f600000|  0%| F|  |TAMS 0x000000071f400000, 0x000000071f400000| Untracked 
| 239|0x000000071f600000, 0x000000071f62d4e0, 0x000000071f800000|  8%| E|  |TAMS 0x000000071f600000, 0x000000071f600000| Complete 
| 240|0x000000071f800000, 0x000000071fa00000, 0x000000071fa00000|100%| E|CS|TAMS 0x000000071f800000, 0x000000071f800000| Complete 
| 241|0x000000071fa00000, 0x000000071fc00000, 0x000000071fc00000|100%| E|CS|TAMS 0x000000071fa00000, 0x000000071fa00000| Complete 
| 242|0x000000071fc00000, 0x000000071fe00000, 0x000000071fe00000|100%| E|CS|TAMS 0x000000071fc00000, 0x000000071fc00000| Complete 
| 243|0x000000071fe00000, 0x0000000720000000, 0x0000000720000000|100%| E|CS|TAMS 0x000000071fe00000, 0x000000071fe00000| Complete 
| 244|0x0000000720000000, 0x0000000720200000, 0x0000000720200000|100%| E|CS|TAMS 0x0000000720000000, 0x0000000720000000| Complete 
| 245|0x0000000720200000, 0x0000000720400000, 0x0000000720400000|100%| E|CS|TAMS 0x0000000720200000, 0x0000000720200000| Complete 
| 246|0x0000000720400000, 0x0000000720600000, 0x0000000720600000|100%| E|CS|TAMS 0x0000000720400000, 0x0000000720400000| Complete 
| 247|0x0000000720600000, 0x0000000720800000, 0x0000000720800000|100%| E|CS|TAMS 0x0000000720600000, 0x0000000720600000| Complete 
| 248|0x0000000720800000, 0x0000000720a00000, 0x0000000720a00000|100%| E|  |TAMS 0x0000000720800000, 0x0000000720800000| Complete 
| 249|0x0000000720a00000, 0x0000000720c00000, 0x0000000720c00000|100%| E|CS|TAMS 0x0000000720a00000, 0x0000000720a00000| Complete 
| 250|0x0000000720c00000, 0x0000000720e00000, 0x0000000720e00000|100%| E|CS|TAMS 0x0000000720c00000, 0x0000000720c00000| Complete 
| 251|0x0000000720e00000, 0x0000000721000000, 0x0000000721000000|100%| E|CS|TAMS 0x0000000720e00000, 0x0000000720e00000| Complete 
| 252|0x0000000721000000, 0x0000000721200000, 0x0000000721200000|100%| E|CS|TAMS 0x0000000721000000, 0x0000000721000000| Complete 
| 253|0x0000000721200000, 0x0000000721400000, 0x0000000721400000|100%| E|CS|TAMS 0x0000000721200000, 0x0000000721200000| Complete 
| 254|0x0000000721400000, 0x0000000721600000, 0x0000000721600000|100%| E|CS|TAMS 0x0000000721400000, 0x0000000721400000| Complete 
| 326|0x000000072a400000, 0x000000072a600000, 0x000000072a600000|100%| E|CS|TAMS 0x000000072a400000, 0x000000072a400000| Complete 

Card table byte_map: [0x000001d0752a0000,0x000001d075aa0000] _byte_map_base: 0x000001d071a94000

Marking Bits (Prev, Next): (CMBitMap*) 0x000001d06c665a40, (CMBitMap*) 0x000001d06c665a80
 Prev Bits: [0x000001d0762a0000, 0x000001d07a240000)
 Next Bits: [0x000001d07a240000, 0x000001d07e1e0000)

Polling page: 0x000001d064070000

Metaspace:

Usage:
  Non-class:     46.54 MB used.
      Class:      7.24 MB used.
       Both:     53.78 MB used.

Virtual space:
  Non-class space:       48.00 MB reserved,      46.75 MB ( 97%) committed,  6 nodes.
      Class space:        1.00 GB reserved,       7.44 MB ( <1%) committed,  1 nodes.
             Both:        1.05 GB reserved,      54.19 MB (  5%) committed. 

Chunk freelists:
   Non-Class:  352.00 KB
       Class:  591.00 KB
        Both:  943.00 KB

MaxMetaspaceSize: unlimited
CompressedClassSpaceSize: 1.00 GB
Initial GC threshold: 21.00 MB
Current GC threshold: 59.19 MB
CDS: on
MetaspaceReclaimPolicy: balanced
 - commit_granule_bytes: 65536.
 - commit_granule_words: 8192.
 - virtual_space_node_default_size: 1048576.
 - enlarge_chunks_in_place: 1.
 - new_chunks_are_fully_committed: 0.
 - uncommit_free_chunks: 1.
 - use_allocation_guard: 0.
 - handle_deallocations: 1.


Internal statistics:

num_allocs_failed_limit: 6.
num_arena_births: 464.
num_arena_deaths: 0.
num_vsnodes_births: 7.
num_vsnodes_deaths: 0.
num_space_committed: 861.
num_space_uncommitted: 0.
num_chunks_returned_to_freelist: 6.
num_chunks_taken_from_freelist: 1653.
num_chunk_merges: 3.
num_chunk_splits: 1238.
num_chunks_enlarged: 950.
num_purges: 0.
num_inconsistent_stats: 0.

CodeHeap 'non-profiled nmethods': size=120000Kb used=4737Kb max_used=4737Kb free=115262Kb
 bounds [0x000001d007ad0000, 0x000001d007f80000, 0x000001d00f000000]
CodeHeap 'profiled nmethods': size=120000Kb used=15104Kb max_used=15104Kb free=104895Kb
 bounds [0x000001d0005a0000, 0x000001d001470000, 0x000001d007ad0000]
CodeHeap 'non-nmethods': size=5760Kb used=1551Kb max_used=1578Kb free=4208Kb
 bounds [0x000001d000000000, 0x000001d000270000, 0x000001d0005a0000]
 total_blobs=8299 nmethods=7370 adapters=838
 compilation: enabled
              stopped_count=0, restarted_count=0
 full_count=0

Compilation events (20 events):
Event: 9.835 Thread 0x000001d06c98cfa0 8715       3       sun.java2d.SunGraphics2D::getFontInfo (34 bytes)
Event: 9.836 Thread 0x000001d06c98cfa0 nmethod 8715 0x000001d001458e90 code [0x000001d001459040, 0x000001d001459268]
Event: 9.836 Thread 0x000001d06c98cfa0 8716       1       sun.font.GlyphList::getNumGlyphs (5 bytes)
Event: 9.836 Thread 0x000001d06c98cfa0 nmethod 8716 0x000001d007f66390 code [0x000001d007f66520, 0x000001d007f665f8]
Event: 9.837 Thread 0x000001d06c98cfa0 8717       3       javax.swing.JComponent::getInsets (79 bytes)
Event: 9.837 Thread 0x000001d06c98cfa0 nmethod 8717 0x000001d001459310 code [0x000001d001459500, 0x000001d001459bf8]
Event: 9.838 Thread 0x000001d06c98cfa0 8718  s    1       java.awt.EventDispatchThread::getEventQueue (5 bytes)
Event: 9.838 Thread 0x000001d06c98cfa0 nmethod 8718 0x000001d007f66690 code [0x000001d007f66820, 0x000001d007f66998]
Event: 9.841 Thread 0x000001d06c98cfa0 8719       3       sun.java2d.pipe.Region::clipScale (41 bytes)
Event: 9.841 Thread 0x000001d06c98cfa0 nmethod 8719 0x000001d001459d90 code [0x000001d001459f80, 0x000001d00145a268]
Event: 9.843 Thread 0x000001d06c98cfa0 8720   !   3       sun.awt.AWTAutoShutdown::setToolkitBusy (124 bytes)
Event: 9.844 Thread 0x000001d06c98cfa0 nmethod 8720 0x000001d00145a310 code [0x000001d00145a520, 0x000001d00145ab08]
Event: 9.848 Thread 0x000001d06c98cfa0 8721       3       ui.utils.q.d::eLE (4 bytes)
Event: 9.848 Thread 0x000001d06c98cfa0 nmethod 8721 0x000001d00145ae10 code [0x000001d00145afa0, 0x000001d00145b0b8]
Event: 9.858 Thread 0x000001d011940c60 nmethod 8660 0x000001d007f66a10 code [0x000001d007f66ce0, 0x000001d007f69720]
Event: 9.858 Thread 0x000001d011940c60 8704   !   4       sun.font.FontDesignMetrics::getMetrics (265 bytes)
Event: 9.891 Thread 0x000001d06c98cfa0 8722       3       java.awt.EventQueue::uncacheEQItem (53 bytes)
Event: 9.891 Thread 0x000001d06c98cfa0 nmethod 8722 0x000001d00145b190 code [0x000001d00145b380, 0x000001d00145baa8]
Event: 9.892 Thread 0x000001d06c98cfa0 8723       1       de.javasoft.plaf.synthetica.SyntheticaState::getState (5 bytes)
Event: 9.892 Thread 0x000001d06c98cfa0 nmethod 8723 0x000001d007f6ae90 code [0x000001d007f6b020, 0x000001d007f6b0f8]

GC Heap History (20 events):
Event: 0.783 GC heap before
{Heap before GC invocations=0 (full 0):
 garbage-first heap   total 524288K, used 83968K [0x0000000701800000, 0x0000000800000000)
  region size 2048K, 40 young (81920K), 0 survivors (0K)
 Metaspace       used 9944K, committed 10176K, reserved 1064960K
  class space    used 841K, committed 960K, reserved 1048576K
}
Event: 0.814 GC heap after
{Heap after GC invocations=1 (full 0):
 garbage-first heap   total 524288K, used 22179K [0x0000000701800000, 0x0000000800000000)
  region size 2048K, 5 young (10240K), 5 survivors (10240K)
 Metaspace       used 9944K, committed 10176K, reserved 1064960K
  class space    used 841K, committed 960K, reserved 1048576K
}
Event: 1.176 GC heap before
{Heap before GC invocations=1 (full 0):
 garbage-first heap   total 524288K, used 91811K [0x0000000701800000, 0x0000000800000000)
  region size 2048K, 40 young (81920K), 5 survivors (10240K)
 Metaspace       used 18091K, committed 18240K, reserved 1073152K
  class space    used 1797K, committed 1856K, reserved 1048576K
}
Event: 1.180 GC heap after
{Heap after GC invocations=2 (full 0):
 garbage-first heap   total 524288K, used 26759K [0x0000000701800000, 0x0000000800000000)
  region size 2048K, 3 young (6144K), 3 survivors (6144K)
 Metaspace       used 18091K, committed 18240K, reserved 1073152K
  class space    used 1797K, committed 1856K, reserved 1048576K
}
Event: 1.287 GC heap before
{Heap before GC invocations=2 (full 0):
 garbage-first heap   total 524288K, used 102535K [0x0000000701800000, 0x0000000800000000)
  region size 2048K, 40 young (81920K), 3 survivors (6144K)
 Metaspace       used 18952K, committed 19200K, reserved 1073152K
  class space    used 1875K, committed 1984K, reserved 1048576K
}
Event: 1.289 GC heap after
{Heap after GC invocations=3 (full 0):
 garbage-first heap   total 524288K, used 27580K [0x0000000701800000, 0x0000000800000000)
  region size 2048K, 3 young (6144K), 3 survivors (6144K)
 Metaspace       used 18952K, committed 19200K, reserved 1073152K
  class space    used 1875K, committed 1984K, reserved 1048576K
}
Event: 1.311 GC heap before
{Heap before GC invocations=3 (full 0):
 garbage-first heap   total 524288K, used 101308K [0x0000000701800000, 0x0000000800000000)
  region size 2048K, 40 young (81920K), 3 survivors (6144K)
 Metaspace       used 19320K, committed 19584K, reserved 1073152K
  class space    used 1901K, committed 2048K, reserved 1048576K
}
Event: 1.313 GC heap after
{Heap after GC invocations=4 (full 0):
 garbage-first heap   total 524288K, used 27012K [0x0000000701800000, 0x0000000800000000)
  region size 2048K, 1 young (2048K), 1 survivors (2048K)
 Metaspace       used 19320K, committed 19584K, reserved 1073152K
  class space    used 1901K, committed 2048K, reserved 1048576K
}
Event: 1.338 GC heap before
{Heap before GC invocations=4 (full 0):
 garbage-first heap   total 524288K, used 106884K [0x0000000701800000, 0x0000000800000000)
  region size 2048K, 40 young (81920K), 1 survivors (2048K)
 Metaspace       used 19589K, committed 19840K, reserved 1073152K
  class space    used 1933K, committed 2048K, reserved 1048576K
}
Event: 1.338 GC heap after
{Heap after GC invocations=5 (full 0):
 garbage-first heap   total 524288K, used 26584K [0x0000000701800000, 0x0000000800000000)
  region size 2048K, 1 young (2048K), 1 survivors (2048K)
 Metaspace       used 19589K, committed 19840K, reserved 1073152K
  class space    used 1933K, committed 2048K, reserved 1048576K
}
Event: 1.366 GC heap before
{Heap before GC invocations=5 (full 0):
 garbage-first heap   total 524288K, used 106456K [0x0000000701800000, 0x0000000800000000)
  region size 2048K, 40 young (81920K), 1 survivors (2048K)
 Metaspace       used 19594K, committed 19840K, reserved 1073152K
  class space    used 1935K, committed 2048K, reserved 1048576K
}
Event: 1.367 GC heap after
{Heap after GC invocations=6 (full 0):
 garbage-first heap   total 524288K, used 26551K [0x0000000701800000, 0x0000000800000000)
  region size 2048K, 1 young (2048K), 1 survivors (2048K)
 Metaspace       used 19594K, committed 19840K, reserved 1073152K
  class space    used 1935K, committed 2048K, reserved 1048576K
}
Event: 1.537 GC heap before
{Heap before GC invocations=6 (full 0):
 garbage-first heap   total 524288K, used 90039K [0x0000000701800000, 0x0000000800000000)
  region size 2048K, 34 young (69632K), 1 survivors (2048K)
 Metaspace       used 21298K, committed 21504K, reserved 1073152K
  class space    used 2178K, committed 2304K, reserved 1048576K
}
Event: 1.539 GC heap after
{Heap after GC invocations=7 (full 0):
 garbage-first heap   total 669696K, used 27003K [0x0000000701800000, 0x0000000800000000)
  region size 2048K, 1 young (2048K), 1 survivors (2048K)
 Metaspace       used 21298K, committed 21504K, reserved 1073152K
  class space    used 2178K, committed 2304K, reserved 1048576K
}
Event: 2.776 GC heap before
{Heap before GC invocations=8 (full 0):
 garbage-first heap   total 524288K, used 135547K [0x0000000701800000, 0x0000000800000000)
  region size 2048K, 33 young (67584K), 1 survivors (2048K)
 Metaspace       used 35929K, committed 36096K, reserved 1081344K
  class space    used 4330K, committed 4416K, reserved 1048576K
}
Event: 2.779 GC heap after
{Heap after GC invocations=9 (full 0):
 garbage-first heap   total 524288K, used 50883K [0x0000000701800000, 0x0000000800000000)
  region size 2048K, 5 young (10240K), 5 survivors (10240K)
 Metaspace       used 35929K, committed 36096K, reserved 1081344K
  class space    used 4330K, committed 4416K, reserved 1048576K
}
Event: 8.397 GC heap before
{Heap before GC invocations=10 (full 0):
 garbage-first heap   total 524288K, used 120515K [0x0000000701800000, 0x0000000800000000)
  region size 2048K, 40 young (81920K), 5 survivors (10240K)
 Metaspace       used 47321K, committed 47680K, reserved 1097728K
  class space    used 6173K, committed 6336K, reserved 1048576K
}
Event: 8.403 GC heap after
{Heap after GC invocations=11 (full 0):
 garbage-first heap   total 524288K, used 60595K [0x0000000701800000, 0x0000000800000000)
  region size 2048K, 5 young (10240K), 5 survivors (10240K)
 Metaspace       used 47321K, committed 47680K, reserved 1097728K
  class space    used 6173K, committed 6336K, reserved 1048576K
}
Event: 9.338 GC heap before
{Heap before GC invocations=11 (full 0):
 garbage-first heap   total 524288K, used 132275K [0x0000000701800000, 0x0000000800000000)
  region size 2048K, 40 young (81920K), 5 survivors (10240K)
 Metaspace       used 52845K, committed 53184K, reserved 1097728K
  class space    used 7057K, committed 7232K, reserved 1048576K
}
Event: 9.343 GC heap after
{Heap after GC invocations=12 (full 0):
 garbage-first heap   total 524288K, used 68090K [0x0000000701800000, 0x0000000800000000)
  region size 2048K, 5 young (10240K), 5 survivors (10240K)
 Metaspace       used 52845K, committed 53184K, reserved 1097728K
  class space    used 7057K, committed 7232K, reserved 1048576K
}

Deoptimization events (20 events):
Event: 9.752 Thread 0x000001d0139be930 Uncommon trap: trap_request=0xffffffde fr.pc=0x000001d007ce0760 relative=0x00000000000000c0
Event: 9.752 Thread 0x000001d0139be930 Uncommon trap: reason=class_check action=maybe_recompile pc=0x000001d007ce0760 method=java.lang.Character.codePointAt(Ljava/lang/CharSequence;I)I @ 2 c2
Event: 9.752 Thread 0x000001d0139be930 DEOPT PACKING pc=0x000001d007ce0760 sp=0x000000a163efebd0
Event: 9.752 Thread 0x000001d0139be930 DEOPT UNPACKING pc=0x000001d0000523a3 sp=0x000000a163efeb68 mode 2
Event: 9.752 Thread 0x000001d0139be930 Uncommon trap: trap_request=0xffffffde fr.pc=0x000001d007ce0760 relative=0x00000000000000c0
Event: 9.752 Thread 0x000001d0139be930 Uncommon trap: reason=class_check action=maybe_recompile pc=0x000001d007ce0760 method=java.lang.Character.codePointAt(Ljava/lang/CharSequence;I)I @ 2 c2
Event: 9.752 Thread 0x000001d0139be930 DEOPT PACKING pc=0x000001d007ce0760 sp=0x000000a163efebd0
Event: 9.752 Thread 0x000001d0139be930 DEOPT UNPACKING pc=0x000001d0000523a3 sp=0x000000a163efeb68 mode 2
Event: 9.752 Thread 0x000001d0139be930 Uncommon trap: trap_request=0xffffffde fr.pc=0x000001d007ce0760 relative=0x00000000000000c0
Event: 9.752 Thread 0x000001d0139be930 Uncommon trap: reason=class_check action=maybe_recompile pc=0x000001d007ce0760 method=java.lang.Character.codePointAt(Ljava/lang/CharSequence;I)I @ 2 c2
Event: 9.752 Thread 0x000001d0139be930 DEOPT PACKING pc=0x000001d007ce0760 sp=0x000000a163efebd0
Event: 9.752 Thread 0x000001d0139be930 DEOPT UNPACKING pc=0x000001d0000523a3 sp=0x000000a163efeb68 mode 2
Event: 9.765 Thread 0x000001d01453a380 Uncommon trap: trap_request=0xffffff45 fr.pc=0x000001d007ea2270 relative=0x0000000000000230
Event: 9.765 Thread 0x000001d01453a380 Uncommon trap: reason=unstable_if action=reinterpret pc=0x000001d007ea2270 method=java.awt.Container.createHierarchyEvents(ILjava/awt/Component;Ljava/awt/Container;JZ)I @ 22 c2
Event: 9.765 Thread 0x000001d01453a380 DEOPT PACKING pc=0x000001d007ea2270 sp=0x000000a15c6fe5e0
Event: 9.765 Thread 0x000001d01453a380 DEOPT UNPACKING pc=0x000001d0000523a3 sp=0x000000a15c6fe598 mode 2
Event: 9.765 Thread 0x000001d01453a380 Uncommon trap: trap_request=0xffffff45 fr.pc=0x000001d007ea1cb8 relative=0x00000000000000b8
Event: 9.765 Thread 0x000001d01453a380 Uncommon trap: reason=unstable_if action=reinterpret pc=0x000001d007ea1cb8 method=java.awt.Component.createHierarchyEvents(ILjava/awt/Component;Ljava/awt/Container;JZ)I @ 32 c2
Event: 9.765 Thread 0x000001d01453a380 DEOPT PACKING pc=0x000001d007ea1cb8 sp=0x000000a15c6fe060
Event: 9.765 Thread 0x000001d01453a380 DEOPT UNPACKING pc=0x000001d0000523a3 sp=0x000000a15c6fe018 mode 2

Classes unloaded (0 events):
No events

Classes redefined (0 events):
No events

Internal exceptions (20 events):
Event: 2.898 Thread 0x000001d01453a380 Exception <a 'java/lang/NoSuchMethodError'{0x0000000720fbfe28}: 'java.lang.Object java.lang.invoke.DelegatingMethodHandle$Holder.reinvoke_L(java.lang.Object, long, java.lang.Object, int, int, int, int, java.lang.Object, java.lang.Object, java.lang.Object)'> (0x0000000720fbfe28) 
thrown [e:\jenkins\tmp\workspace\build\src\src\hotspot\share\interpreter\linkResolver.cpp, line 766]
Event: 2.904 Thread 0x000001d01453a380 Exception <a 'java/lang/NoSuchMethodError'{0x0000000720c2fac0}: 'java.lang.Object java.lang.invoke.DirectMethodHandle$Holder.invokeSpecial(java.lang.Object, java.lang.Object, long, java.lang.Object, java.lang.Object, java.lang.Object, java.lang.Object, int, java.lang.Object, java.lang.Object, java.lang.Object)'> (0x0000000720c2fac0) 
thrown [e:\jenkins\tmp\workspace\build\src\src\hotspot\share\interpreter\linkResolver.cpp, line 766]
Event: 2.904 Thread 0x000001d01453a380 Exception <a 'java/lang/NoSuchMethodError'{0x0000000720c34620}: 'java.lang.Object java.lang.invoke.DelegatingMethodHandle$Holder.reinvoke_L(java.lang.Object, long, java.lang.Object, java.lang.Object, java.lang.Object, java.lang.Object, int, java.lang.Object, java.lang.Object, java.lang.Object)'> (0x0000000720c34620) 
thrown [e:\jenkins\tmp\workspace\build\src\src\hotspot\share\interpreter\linkResolver.cpp, line 766]
Event: 2.997 Thread 0x000001d01453d870 Implicit null exception at 0x000001d007b097f2 to 0x000001d007b09f08
Event: 2.997 Thread 0x000001d014539eb0 Implicit null exception at 0x000001d007b097f2 to 0x000001d007b09f08
Event: 8.182 Thread 0x000001d0139bd120 Implicit null exception at 0x000001d007c5e50d to 0x000001d007c5e9e0
Event: 8.740 Thread 0x000001d01453a380 Implicit null exception at 0x000001d007e5da37 to 0x000001d007e5daf1
Event: 8.954 Thread 0x000001d01453a380 Implicit null exception at 0x000001d007e7f089 to 0x000001d007e7f3bc
Event: 9.081 Thread 0x000001d01453a380 Exception <a 'java/lang/NoSuchMethodError'{0x000000071de06548}: 'java.lang.Object java.lang.invoke.DirectMethodHandle$Holder.invokeSpecial(java.lang.Object, java.lang.Object, java.lang.Object, int, java.lang.Object)'> (0x000000071de06548) 
thrown [e:\jenkins\tmp\workspace\build\src\src\hotspot\share\interpreter\linkResolver.cpp, line 766]
Event: 9.155 Thread 0x000001d01453a380 Implicit null exception at 0x000001d007ecbf8d to 0x000001d007ecc028
Event: 9.351 Thread 0x000001d01453c530 Exception <a 'java/lang/NoSuchMethodError'{0x000000072a500a98}: 'void java.lang.invoke.DirectMethodHandle$Holder.invokeSpecial(java.lang.Object, java.lang.Object, long)'> (0x000000072a500a98) 
thrown [e:\jenkins\tmp\workspace\build\src\src\hotspot\share\interpreter\linkResolver.cpp, line 766]
Event: 9.351 Thread 0x000001d01453c530 Exception <a 'java/lang/NoSuchMethodError'{0x000000072a5063b0}: 'java.lang.Object java.lang.invoke.DirectMethodHandle$Holder.newInvokeSpecial(java.lang.Object, java.lang.Object, long)'> (0x000000072a5063b0) 
thrown [e:\jenkins\tmp\workspace\build\src\src\hotspot\share\interpreter\linkResolver.cpp, line 766]
Event: 9.351 Thread 0x000001d01453c530 Exception <a 'java/lang/NoSuchMethodError'{0x000000072a509c78}: 'java.lang.Object java.lang.invoke.Invokers$Holder.linkToTargetMethod(java.lang.Object, long, java.lang.Object)'> (0x000000072a509c78) 
thrown [e:\jenkins\tmp\workspace\build\src\src\hotspot\share\interpreter\linkResolver.cpp, line 766]
Event: 9.377 Thread 0x000001d01453a380 Exception <a 'java/lang/NoSuchMethodError'{0x00000007214e5b68}: 'java.lang.Object java.lang.invoke.DirectMethodHandle$Holder.invokeSpecial(java.lang.Object, java.lang.Object, long, java.lang.Object, int, int, int, java.lang.Object, java.lang.Object, int, int)'> (0x00000007214e5b68) 
thrown [e:\jenkins\tmp\workspace\build\src\src\hotspot\share\interpreter\linkResolver.cpp, line 766]
Event: 9.378 Thread 0x000001d01453a380 Exception <a 'java/lang/NoSuchMethodError'{0x00000007214e9988}: 'java.lang.Object java.lang.invoke.DelegatingMethodHandle$Holder.reinvoke_L(java.lang.Object, long, java.lang.Object, int, int, int, java.lang.Object, java.lang.Object, int, int)'> (0x00000007214e9988) 
thrown [e:\jenkins\tmp\workspace\build\src\src\hotspot\share\interpreter\linkResolver.cpp, line 766]
Event: 9.676 Thread 0x000001d01453a380 Exception <a 'java/lang/NoSuchMethodError'{0x000000071fe73d48}: 'java.lang.Object java.lang.invoke.DirectMethodHandle$Holder.invokeSpecial(java.lang.Object, java.lang.Object, java.lang.Object, long, java.lang.Object)'> (0x000000071fe73d48) 
thrown [e:\jenkins\tmp\workspace\build\src\src\hotspot\share\interpreter\linkResolver.cpp, line 766]
Event: 9.676 Thread 0x000001d01453a380 Exception <a 'java/lang/NoSuchMethodError'{0x000000071fe77918}: 'java.lang.Object java.lang.invoke.Invokers$Holder.linkToTargetMethod(java.lang.Object, long, java.lang.Object, java.lang.Object)'> (0x000000071fe77918) 
thrown [e:\jenkins\tmp\workspace\build\src\src\hotspot\share\interpreter\linkResolver.cpp, line 766]
Event: 9.743 Thread 0x000001d01453a380 Implicit null exception at 0x000001d007e8f502 to 0x000001d007e8f7ec
Event: 9.751 Thread 0x000001d0139be930 Implicit null exception at 0x000001d007e61cd6 to 0x000001d007e61d98
Event: 9.766 Thread 0x000001d01453a380 Exception <a 'java/lang/NoSuchMethodError'{0x000000071fce9228}: 'int java.lang.invoke.DirectMethodHandle$Holder.invokeStatic(java.lang.Object)'> (0x000000071fce9228) 
thrown [e:\jenkins\tmp\workspace\build\src\src\hotspot\share\interpreter\linkResolver.cpp, line 766]

VM Operations (20 events):
Event: 9.582 Executing VM operation: HandshakeAllThreads
Event: 9.582 Executing VM operation: HandshakeAllThreads done
Event: 9.592 Executing VM operation: HandshakeAllThreads
Event: 9.592 Executing VM operation: HandshakeAllThreads done
Event: 9.600 Executing VM operation: HandshakeAllThreads
Event: 9.600 Executing VM operation: HandshakeAllThreads done
Event: 9.615 Executing VM operation: HandshakeAllThreads
Event: 9.615 Executing VM operation: HandshakeAllThreads done
Event: 9.687 Executing VM operation: ICBufferFull
Event: 9.687 Executing VM operation: ICBufferFull done
Event: 9.722 Executing VM operation: HandshakeAllThreads
Event: 9.722 Executing VM operation: HandshakeAllThreads done
Event: 9.752 Executing VM operation: ICBufferFull
Event: 9.752 Executing VM operation: ICBufferFull done
Event: 9.753 Executing VM operation: ICBufferFull
Event: 9.753 Executing VM operation: ICBufferFull done
Event: 9.757 Executing VM operation: HandshakeAllThreads
Event: 9.757 Executing VM operation: HandshakeAllThreads done
Event: 9.838 Executing VM operation: ICBufferFull
Event: 9.838 Executing VM operation: ICBufferFull done

Events (20 events):
Event: 9.758 loading class sun/awt/windows/WPrintDialogPeer done
Event: 9.765 loading class java/awt/ModalEventFilter$1
Event: 9.765 loading class java/awt/ModalEventFilter$1 done
Event: 9.765 loading class java/awt/ModalEventFilter$ApplicationModalEventFilter
Event: 9.765 loading class java/awt/ModalEventFilter$ApplicationModalEventFilter done
Event: 9.765 loading class sun/awt/ModalityEvent
Event: 9.765 loading class sun/awt/ModalityEvent done
Event: 9.766 loading class java/awt/WaitDispatchSupport
Event: 9.767 loading class java/awt/SecondaryLoop
Event: 9.767 loading class java/awt/SecondaryLoop done
Event: 9.767 loading class java/awt/WaitDispatchSupport done
Event: 9.767 loading class java/awt/WaitDispatchSupport$5
Event: 9.767 loading class java/awt/WaitDispatchSupport$5 done
Event: 9.767 loading class java/awt/WaitDispatchSupport$1
Event: 9.767 loading class java/awt/WaitDispatchSupport$1 done
Event: 9.767 loading class java/awt/WaitDispatchSupport$2
Event: 9.767 loading class java/awt/WaitDispatchSupport$2 done
Event: 9.767 loading class java/awt/WaitDispatchSupport$4
Event: 9.767 loading class java/awt/WaitDispatchSupport$4 done
Event: 9.791 Thread 0x000001d0139c2c90 Thread added: 0x000001d0139c2c90


Dynamic libraries:
0x00007ff66b200000 - 0x00007ff66b231000 	C:\Xilinx\Vivado\2023.1\bin\unwrapped\win64.o\vivado.exe
0x00007fff386f0000 - 0x00007fff388e8000 	C:\WINDOWS\SYSTEM32\ntdll.dll
0x00007fff37860000 - 0x00007fff37922000 	C:\WINDOWS\System32\KERNEL32.DLL
0x00007fff36290000 - 0x00007fff3658f000 	C:\WINDOWS\System32\KERNELBASE.dll
0x00007fff36590000 - 0x00007fff36690000 	C:\WINDOWS\System32\ucrtbase.dll
0x00007ffeb9ba0000 - 0x00007ffeb9c2d000 	C:\WINDOWS\SYSTEM32\MSVCP140.dll
0x00007fff22090000 - 0x00007fff220ae000 	C:\WINDOWS\SYSTEM32\VCRUNTIME140.dll
0x00007fff24790000 - 0x00007fff2479c000 	C:\WINDOWS\SYSTEM32\VCRUNTIME140_1.dll
0x00007fff21f70000 - 0x00007fff21f88000 	C:\Xilinx\Vivado\2023.1\lib\win64.o\librdi_commonmain.dll
0x00007fff20c10000 - 0x00007fff20c31000 	C:\Xilinx\Vivado\2023.1\lib\win64.o\libboost_filesystem.dll
0x00007fff37ae0000 - 0x00007fff37b8f000 	C:\WINDOWS\System32\ADVAPI32.dll
0x00007fff37f30000 - 0x00007fff37fce000 	C:\WINDOWS\System32\msvcrt.dll
0x00007fff36b90000 - 0x00007fff36c2f000 	C:\WINDOWS\System32\sechost.dll
0x00007ffead770000 - 0x00007ffeaec00000 	C:\Xilinx\Vivado\2023.1\lib\win64.o\librdi_common.dll
0x00007fff36f90000 - 0x00007fff370b3000 	C:\WINDOWS\System32\RPCRT4.dll
0x00007fff36690000 - 0x00007fff366b7000 	C:\WINDOWS\System32\bcrypt.dll
0x00007fff37d90000 - 0x00007fff37f2d000 	C:\WINDOWS\System32\USER32.dll
0x00007fff361d0000 - 0x00007fff361f2000 	C:\WINDOWS\System32\win32u.dll
0x00007fff370c0000 - 0x00007fff370eb000 	C:\WINDOWS\System32\GDI32.dll
0x00007fff35e30000 - 0x00007fff35f4a000 	C:\WINDOWS\System32\gdi32full.dll
0x00007fff35d90000 - 0x00007fff35e2d000 	C:\WINDOWS\System32\msvcp_win.dll
0x00007fff370f0000 - 0x00007fff3785d000 	C:\WINDOWS\System32\SHELL32.dll
0x00007fff35f50000 - 0x00007fff35fb9000 	C:\WINDOWS\System32\WINTRUST.dll
0x00007fff37d20000 - 0x00007fff37d8b000 	C:\WINDOWS\System32\WS2_32.dll
0x00007fff26e80000 - 0x00007fff26e89000 	C:\Xilinx\Vivado\2023.1\lib\win64.o\librdi_commonversion.dll
0x00007ffefaa60000 - 0x00007ffefac16000 	C:\Xilinx\Vivado\2023.1\lib\win64.o\librdi_commonxillic.dll
0x00007ffef7b40000 - 0x00007ffef7eae000 	C:\Xilinx\Vivado\2023.1\lib\win64.o\libCOIN-all.dll
0x00007fff1d9a0000 - 0x00007fff1d9b1000 	C:\Xilinx\Vivado\2023.1\lib\win64.o\libboost_date_time.dll
0x000000006e880000 - 0x000000006e9ac000 	C:\Xilinx\Vivado\2023.1\lib\win64.o\tcl85t.dll
0x00007fff19f00000 - 0x00007fff19f79000 	C:\Xilinx\Vivado\2023.1\lib\win64.o\libboost_program_options.dll
0x00007fff1a090000 - 0x00007fff1a0ac000 	C:\Xilinx\Vivado\2023.1\lib\win64.o\libboost_thread.dll
0x00007fff26d50000 - 0x00007fff26d5c000 	C:\Xilinx\Vivado\2023.1\lib\win64.o\libboost_xilinx.dll
0x00007fff14ea0000 - 0x00007fff14fb4000 	C:\Xilinx\Vivado\2023.1\lib\win64.o\libboost_regex.dll
0x00007fff15a80000 - 0x00007fff15b02000 	C:\Xilinx\Vivado\2023.1\lib\win64.o\libhdlpsolve.dll
0x00007fff14ce0000 - 0x00007fff14d85000 	C:\Xilinx\Vivado\2023.1\lib\win64.o\libhdxml.dll
0x00007fff1a060000 - 0x00007fff1a08a000 	C:\Xilinx\Vivado\2023.1\lib\win64.o\libisl_sysinfo.dll
0x00007fff1a020000 - 0x00007fff1a03a000 	C:\Xilinx\Vivado\2023.1\lib\win64.o\pthreadVC2.dll
0x00007fff17f90000 - 0x00007fff17ff5000 	C:\Xilinx\Vivado\2023.1\lib\win64.o\liblmx6.0.dll
0x00007ffeb0d20000 - 0x00007ffeb1ce5e00 	C:\Xilinx\Vivado\2023.1\lib\win64.o\libisl_iostreams.dll
0x00007fff1a000000 - 0x00007fff1a01c000 	C:\Xilinx\Vivado\2023.1\lib\win64.o\librdiconfig.dll
0x00007fff381d0000 - 0x00007fff38225000 	C:\WINDOWS\System32\SHLWAPI.dll
0x00007fff16220000 - 0x00007fff16241000 	C:\Xilinx\Vivado\2023.1\lib\win64.o\librdizlib.dll
0x00007fff284b0000 - 0x00007fff284c9000 	C:\WINDOWS\SYSTEM32\NETAPI32.dll
0x00007fff2f960000 - 0x00007fff2fa6a000 	C:\WINDOWS\SYSTEM32\WINHTTP.dll
0x00007ffef7220000 - 0x00007ffef74e1000 	C:\Xilinx\Vivado\2023.1\lib\win64.o\xerces-c_3_2.dll
0x00007fff2a5f0000 - 0x00007fff2a7e1000 	C:\WINDOWS\SYSTEM32\urlmon.dll
0x00007fff27c20000 - 0x00007fff280f7000 	C:\WINDOWS\SYSTEM32\WININET.dll
0x00007ffed4680000 - 0x00007ffed4689000 	C:\WINDOWS\SYSTEM32\WSOCK32.dll
0x00007fff16010000 - 0x00007fff16040000 	C:\WINDOWS\SYSTEM32\VCOMP140.DLL
0x00007ffe9a230000 - 0x00007ffe9c147000 	C:\Xilinx\Vivado\2023.1\lib\win64.o\gurobi90.dll
0x00007fff36070000 - 0x00007fff361cc000 	C:\WINDOWS\System32\CRYPT32.dll
0x00007fff36980000 - 0x00007fff369de000 	C:\WINDOWS\System32\WLDAP32.dll
0x00007fff37bf0000 - 0x00007fff37bf8000 	C:\WINDOWS\System32\Normaliz.dll
0x00007ffef1470000 - 0x00007ffef1786000 	C:\Xilinx\Vivado\2023.1\lib\win64.o\libXil_lmgr11.dll
0x00007fff380f0000 - 0x00007fff381ca000 	C:\WINDOWS\System32\COMDLG32.dll
0x00007fff36c30000 - 0x00007fff36f85000 	C:\WINDOWS\System32\combase.dll
0x00007fff37960000 - 0x00007fff37a0d000 	C:\WINDOWS\System32\shcore.dll
0x00007fff368a0000 - 0x00007fff3696d000 	C:\WINDOWS\System32\OLEAUT32.dll
0x00007fff36710000 - 0x00007fff3683b000 	C:\WINDOWS\System32\ole32.dll
0x00007fff19ea0000 - 0x00007fff19eb8000 	C:\Xilinx\Vivado\2023.1\lib\win64.o\libboost_iostreams.dll
0x00007fff29e20000 - 0x00007fff2a0df000 	C:\WINDOWS\SYSTEM32\iertutil.dll
0x00007fff15e70000 - 0x00007fff15e94000 	C:\Xilinx\Vivado\2023.1\lib\win64.o\libisl_iosutils.dll
0x00007fff2a0e0000 - 0x00007fff2a108000 	C:\WINDOWS\SYSTEM32\srvcli.dll
0x00007fff33e30000 - 0x00007fff345d4000 	C:\WINDOWS\SYSTEM32\windows.storage.dll
0x00007fff351f0000 - 0x00007fff351fc000 	C:\WINDOWS\SYSTEM32\netutils.dll
0x00007fff1fb60000 - 0x00007fff1fc10000 	C:\WINDOWS\WinSxS\amd64_microsoft.windows.common-controls_6595b64144ccf1df_5.82.19041.4355_none_792ecafd2442822f\COMCTL32.dll
0x00007fff30fa0000 - 0x00007fff30fbd000 	C:\WINDOWS\SYSTEM32\dhcpcsvc.DLL
0x00007fff35c80000 - 0x00007fff35cae000 	C:\WINDOWS\SYSTEM32\USERENV.dll
0x00007fff357c0000 - 0x00007fff357ef000 	C:\WINDOWS\SYSTEM32\Wldp.dll
0x00007fff35520000 - 0x00007fff3558c000 	C:\WINDOWS\SYSTEM32\MSWSOCK.DLL
0x00007fff37930000 - 0x00007fff3795f000 	C:\WINDOWS\System32\IMM32.DLL
0x00007fff35950000 - 0x00007fff35962000 	C:\WINDOWS\SYSTEM32\MSASN1.dll
0x00007fff35710000 - 0x00007fff35728000 	C:\WINDOWS\SYSTEM32\CRYPTSP.dll
0x00007fff33c30000 - 0x00007fff33c42000 	C:\WINDOWS\SYSTEM32\kernel.appcore.dll
0x00007fff34dc0000 - 0x00007fff34df4000 	C:\WINDOWS\system32\rsaenh.dll
0x00007fff35730000 - 0x00007fff3573c000 	C:\WINDOWS\SYSTEM32\CRYPTBASE.dll
0x00007fff36200000 - 0x00007fff36282000 	C:\WINDOWS\System32\bcryptPrimitives.dll
0x00007fff37a10000 - 0x00007fff37a2d000 	C:\WINDOWS\System32\imagehlp.dll
0x00007ffeef920000 - 0x00007ffeefe66000 	C:\Xilinx\Vivado\2023.1\lib\win64.o\librdi_commontasks.dll
0x00007fff2f700000 - 0x00007fff2f70a000 	C:\WINDOWS\SYSTEM32\VERSION.dll
0x00007ffef0b60000 - 0x00007ffef0e8b800 	C:\Xilinx\Vivado\2023.1\lib\win64.o\librdi_sio.dll
0x00007fff351b0000 - 0x00007fff351eb000 	C:\WINDOWS\SYSTEM32\IPHLPAPI.DLL
0x00007ffeaf680000 - 0x00007ffeb02c8000 	C:\Xilinx\Vivado\2023.1\tps\win64\jre17.0.3_7\bin\server\jvm.dll
0x00007fff380e0000 - 0x00007fff380e8000 	C:\WINDOWS\System32\PSAPI.DLL
0x00007fff2c780000 - 0x00007fff2c7a7000 	C:\WINDOWS\SYSTEM32\WINMM.dll
0x00007fff345e0000 - 0x00007fff34603000 	C:\WINDOWS\SYSTEM32\gpapi.dll
0x00007fff0fef0000 - 0x00007fff0ff21000 	C:\Windows\System32\cryptnet.dll
0x00007fff35cc0000 - 0x00007fff35ce4000 	C:\WINDOWS\SYSTEM32\profapi.dll
0x00007fff32770000 - 0x00007fff3277b000 	C:\WINDOWS\SYSTEM32\WINNSI.DLL
0x00007fff36970000 - 0x00007fff36978000 	C:\WINDOWS\System32\NSI.dll
0x00007fff35c40000 - 0x00007fff35c72000 	C:\WINDOWS\SYSTEM32\SspiCli.dll
0x00007ffef22d0000 - 0x00007ffef22e7000 	C:\WINDOWS\system32\napinsp.dll
0x00007ffef22b0000 - 0x00007ffef22cb000 	C:\WINDOWS\system32\pnrpnsp.dll
0x00007fff1ab60000 - 0x00007fff1ab75000 	C:\WINDOWS\system32\wshbth.dll
0x00007fff30ef0000 - 0x00007fff30f0d000 	C:\WINDOWS\system32\NLAapi.dll
0x00007fff35200000 - 0x00007fff352ca000 	C:\WINDOWS\SYSTEM32\DNSAPI.dll
0x00007ffef2290000 - 0x00007ffef22a2000 	C:\WINDOWS\System32\winrnr.dll
0x00007ffe95be0000 - 0x00007ffe9899b000 	C:\Xilinx\Vivado\2023.1\lib\win64.o\librdi_tcltasks.dll
0x00007fff15b60000 - 0x00007fff15ba4000 	C:\Xilinx\Vivado\2023.1\lib\win64.o\libboost_serialization.dll
0x00007ffef1280000 - 0x00007ffef1469000 	C:\Xilinx\Vivado\2023.1\lib\win64.o\librdi_board.dll
0x00007ffeee670000 - 0x00007ffeeeb51000 	C:\Xilinx\Vivado\2023.1\lib\win64.o\librdi_bitstream.dll
0x00007fff14e10000 - 0x00007fff14e93000 	C:\Xilinx\Vivado\2023.1\lib\win64.o\librdi_boarddep.dll
0x00007ffef70f0000 - 0x00007ffef7218000 	C:\Xilinx\Vivado\2023.1\lib\win64.o\librdi_chipscope.dll
0x00007ffef35c0000 - 0x00007ffef3729000 	C:\Xilinx\Vivado\2023.1\lib\win64.o\librdi_containers.dll
0x00007ffef0340000 - 0x00007ffef0547000 	C:\Xilinx\Vivado\2023.1\lib\win64.o\librdi_chipscopeimpl.dll
0x00007ffe781a0000 - 0x00007ffe7a7ef000 	C:\Xilinx\Vivado\2023.1\lib\win64.o\librdi_constraints.dll
0x00007ffe73e10000 - 0x00007ffe75b5e000 	C:\Xilinx\Vivado\2023.1\lib\win64.o\librdi_designutils.dll
0x00007ffe98cd0000 - 0x00007ffe9a221000 	C:\Xilinx\Vivado\2023.1\lib\win64.o\librdi_device.dll
0x00007ffe75b60000 - 0x00007ffe78194000 	C:\Xilinx\Vivado\2023.1\lib\win64.o\librdi_coregen.dll
0x00007ffeee0e0000 - 0x00007ffeee46b000 	C:\Xilinx\Vivado\2023.1\lib\win64.o\librdi_dlyest.dll
0x00007ffeec4c0000 - 0x00007ffeecbd1000 	C:\Xilinx\Vivado\2023.1\lib\win64.o\librdi_drc.dll
0x00007fff0f560000 - 0x00007fff0f614000 	C:\Xilinx\Vivado\2023.1\lib\win64.o\librdi_dsp.dll
0x00007fff15a10000 - 0x00007fff15a7b000 	C:\Xilinx\Vivado\2023.1\lib\win64.o\librdi_hdf.dll
0x00007ffeb7c20000 - 0x00007ffeb82c4000 	C:\Xilinx\Vivado\2023.1\lib\win64.o\librdi_filemgmt.dll
0x00007ffef2140000 - 0x00007ffef2288000 	C:\Xilinx\Vivado\2023.1\lib\win64.o\librdi_hip_perf_analysis.dll
0x00007ffeedda0000 - 0x00007ffeee0d2000 	C:\Xilinx\Vivado\2023.1\lib\win64.o\librdi_guitools.dll
0x00007ffeec1f0000 - 0x00007ffeec4be000 	C:\Xilinx\Vivado\2023.1\lib\win64.o\librdi_hip_devdesign.dll
0x00007ffe71e60000 - 0x00007ffe72d43000 	C:\Xilinx\Vivado\2023.1\lib\win64.o\librdi_ippcw.dll
0x00007ffe72d50000 - 0x00007ffe73e0c000 	C:\Xilinx\Vivado\2023.1\lib\win64.o\librdi_implflow.dll
0x00007ffe95370000 - 0x00007ffe95bd9000 	C:\Xilinx\Vivado\2023.1\lib\win64.o\librdi_lopt.dll
0x00007ffeb54f0000 - 0x00007ffeb5b46000 	C:\Xilinx\Vivado\2023.1\lib\win64.o\librdi_memdata.dll
0x00007fff14c60000 - 0x00007fff14cdd000 	C:\Xilinx\Vivado\2023.1\lib\win64.o\librdi_memoryarray.dll
0x00007fff13ed0000 - 0x00007fff13f2b000 	C:\Xilinx\Vivado\2023.1\lib\win64.o\librdi_pfi.dll
0x00007fff115b0000 - 0x00007fff11622000 	C:\Xilinx\Vivado\2023.1\lib\win64.o\librdi_noc_frameworks.dll
0x00007ffe6d400000 - 0x00007ffe6dbec000 	C:\Xilinx\Vivado\2023.1\lib\win64.o\librdi_netlist.dll
0x00007ffeb8ac0000 - 0x00007ffeb8f30000 	C:\Xilinx\Vivado\2023.1\lib\win64.o\librdi_platform.dll
0x00007ffe6cb10000 - 0x00007ffe6d3f4000 	C:\Xilinx\Vivado\2023.1\lib\win64.o\librdi_power.dll
0x00007ffe69020000 - 0x00007ffe697f9000 	C:\Xilinx\Vivado\2023.1\lib\win64.o\librdi_project.dll

dbghelp: loaded successfully - version: 4.0.5 - missing functions: none
symbol engine: initialized successfully - sym options: 0x614 - pdb path: .;C:\Xilinx\Vivado\2023.1\bin\unwrapped\win64.o;C:\WINDOWS\SYSTEM32;C:\Xilinx\Vivado\2023.1\lib\win64.o;C:\WINDOWS\WinSxS\amd64_microsoft.windows.common-controls_6595b64144ccf1df_5.82.19041.4355_none_792ecafd2442822f;C:\Xilinx\Vivado\2023.1\tps\win64\jre17.0.3_7\bin\server;C:\Xilinx\Vivado\2023.1\tps\win64\python-3.8.3;C:\Xilinx\Vivado\2023.1\tps\win64\jre17.0.3_7\bin;C:\WINDOWS\WinSxS\amd64_microsoft.windows.common-controls_6595b64144ccf1df_6.0.19041.4355_none_60b8b9eb71f62e16;C:\WINDOWS\HancomIME\x64

VM Arguments:
jvm_args: -Dsun.java2d.pmoffscreen=false -Dhttps.protocols=TLSv1,TLSv1.1,TLSv1.2 -Dsun.java2d.xrender=false -Dsun.java2d.d3d=false -Dsun.awt.nopixfmt=true -Dsun.java2d.dpiaware=true -Dsun.java2d.uiScale.enabled=false -Dswing.aatext=true -XX:-UsePerfData -Djdk.map.althashing.threshold=512 -XX:StringTableSize=4072 -XX:+UseStringDeduplication -XX:MaxGCPauseMillis=200 -XX:+ParallelRefProcEnabled --add-opens=java.desktop/javax.swing.plaf.synth=ALL-UNNAMED --add-opens=java.base/java.nio=ALL-UNNAMED --add-opens=java.desktop/sun.swing=ALL-UNNAMED --add-opens=java.desktop/javax.swing=ALL-UNNAMED --add-opens=java.desktop/javax.swing.tree=ALL-UNNAMED --add-opens=java.desktop/javax.swing.plaf.basic=ALL-UNNAMED --add-opens=java.desktop/javax.swing.plaf.synth=ALL-UNNAMED --add-opens=java.desktop/javax.swing.plaf.basic=ALL-UNNAMED --add-opens=java.desktop/javax.swing=ALL-UNNAMED --add-opens=java.desktop/javax.swing.tree=ALL-UNNAMED --add-opens=java.desktop/java.awt.event=ALL-UNNAMED --add-exports=java.desktop/javax.swing.plaf.synth=ALL-UNNAMED --add-exports=java.base/java.nio=ALL-UNNAMED --add-exports=java.desktop/sun.swing=ALL-UNNAMED --add-exports=java.desktop/javax.swing=ALL-UNNAMED --add-exports=java.desktop/javax.swing.tree=ALL-UNNAMED --add-exports=java.desktop/javax.swing.plaf.basic=ALL-UNNAMED --add-exports=java.desktop/sun.swing=ALL-UNNAMED --add-exports=java.desktop/sun.swing.table=ALL-UNNAMED --add-exports=java.desktop/sun.swing.plaf.synth=ALL-UNNAMED --add-exports=java.desktop/sun.awt.shell=ALL-UNNAMED --add-exports=java.base/sun.security.action=ALL-UNNAMED --add-exports=java.desktop/sun.font=ALL-UNNAMED -XX:NewSize=80m -XX:MaxNewSize=80m -Xms512m -Xmx4072m -Xss10m 
java_command: <unknown>
java_class_path (initial): C:/Xilinx/Vivado/2023.1\lib\classes\alloy.jar;C:/Xilinx/Vivado/2023.1\lib\classes\asm-9.3.jar;C:/Xilinx/Vivado/2023.1\lib\classes\asm-analysis-9.3.jar;C:/Xilinx/Vivado/2023.1\lib\classes\asm-commons-9.3.jar;C:/Xilinx/Vivado/2023.1\lib\classes\asm-tree-9.3.jar;C:/Xilinx/Vivado/2023.1\lib\classes\autoesl-models.jar;C:/Xilinx/Vivado/2023.1\lib\classes\batik-anim.jar;C:/Xilinx/Vivado/2023.1\lib\classes\batik-awt-util.jar;C:/Xilinx/Vivado/2023.1\lib\classes\batik-bridge.jar;C:/Xilinx/Vivado/2023.1\lib\classes\batik-codec.jar;C:/Xilinx/Vivado/2023.1\lib\classes\batik-constants.jar;C:/Xilinx/Vivado/2023.1\lib\classes\batik-css.jar;C:/Xilinx/Vivado/2023.1\lib\classes\batik-dom.jar;C:/Xilinx/Vivado/2023.1\lib\classes\batik-ext.jar;C:/Xilinx/Vivado/2023.1\lib\classes\batik-gui-util.jar;C:/Xilinx/Vivado/2023.1\lib\classes\batik-gvt.jar;C:/Xilinx/Vivado/2023.1\lib\classes\batik-i18n.jar;C:/Xilinx/Vivado/2023.1\lib\classes\batik-parser.jar;C:/Xilinx/Vivado/2023.1\lib\classes\batik-script.jar;C:/Xilinx/Vivado/2023.1\lib\classes\batik-svg-dom.jar;C:/Xilinx/Vivado/2023.1\lib\classes\batik-svggen.jar;C:/Xilinx/Vivado/2023.1\lib\classes\batik-swing.jar;C:/Xilinx/Vivado/2023.1\lib\classes\batik-transcoder.jar;C:/Xilinx/Vivado/2023.1\lib\classes\batik-util.jar;C:/Xilinx/Vivado/2023.1\lib\classes\batik-xml.jar;C:/Xilinx/Vivado/2023.1\lib\classes\com.fasterxml.jackson.core.jackson-annotations_2.12.1.v20210128-1726.jar;C:/Xilinx/Vivado/2023.1\lib\classes\com.fasterxml.jackson.core.jackson-core_2.12.1.v20210128-1726.jar;C:/Xilinx/Vivado/2023.1\lib\classes\com.fasterxml.jackson.core.jackson-databind_2.12.1.v20210128-1726.jar;C:/Xilinx/Vivado/2023.1\lib\classes\com.google.gson_2.8.9.v20220111-1409.jar;C:/Xilinx/Vivado/2023.1\lib\classes\com.google.guava_30.1.0.v20210127-2300.jar;C:/Xilinx/Vivado/2023.1\lib\classes\com.sigasi.hdt.connection_4.17.2.202212011507.jar;C:/Xilinx/Vivado/2023.1\lib\classes\com.sigasi.hdt.epl_4.17.2.202212011507.jar;C:/Xilinx/Vivado/2023.
Launcher Type: generic

[Global flags]
     intx CICompilerCount                          = 4                                         {product} {ergonomic}
     uint ConcGCThreads                            = 3                                         {product} {ergonomic}
     uint G1ConcRefinementThreads                  = 10                                        {product} {ergonomic}
   size_t G1HeapRegionSize                         = 2097152                                   {product} {ergonomic}
    uintx GCDrainStackTargetSize                   = 64                                        {product} {ergonomic}
   size_t InitialHeapSize                          = 536870912                                 {product} {command line}
   size_t MarkStackSize                            = 4194304                                   {product} {ergonomic}
    uintx MaxGCPauseMillis                         = 200                                       {product} {command line}
   size_t MaxHeapSize                              = 4269801472                                {product} {command line}
   size_t MaxNewSize                               = 83886080                                  {product} {command line}
   size_t MinHeapDeltaBytes                        = 2097152                                   {product} {ergonomic}
   size_t MinHeapSize                              = 536870912                                 {product} {command line}
   size_t NewSize                                  = 83886080                                  {product} {command line}
    uintx NonNMethodCodeHeapSize                   = 5839372                                {pd product} {ergonomic}
    uintx NonProfiledCodeHeapSize                  = 122909434                              {pd product} {ergonomic}
     bool ParallelRefProcEnabled                   = true                                      {product} {command line}
    uintx ProfiledCodeHeapSize                     = 122909434                              {pd product} {ergonomic}
    uintx ReservedCodeCacheSize                    = 251658240                              {pd product} {ergonomic}
     bool SegmentedCodeCache                       = true                                      {product} {ergonomic}
   size_t SoftMaxHeapSize                          = 4269801472                             {manageable} {ergonomic}
    uintx StringTableSize                          = 4072                                      {product} {command line}
     intx ThreadStackSize                          = 10240                                  {pd product} {command line}
     bool UseCompressedClassPointers               = true                           {product lp64_product} {ergonomic}
     bool UseCompressedOops                        = true                           {product lp64_product} {ergonomic}
     bool UseG1GC                                  = true                                      {product} {ergonomic}
     bool UseLargePagesIndividualAllocation        = false                                  {pd product} {ergonomic}
     bool UsePerfData                              = false                                     {product} {command line}
     bool UseStringDeduplication                   = true                                      {product} {command line}

Logging:
Log output configuration:
 #0: stdout all=warning uptime,level,tags
 #1: stderr all=off uptime,level,tags

Environment Variables:
PATH=C:/Xilinx/Vivado/2023.1\gnuwin\bin;C:/Xilinx/Vivado/2023.1\gnu\microblaze\nt\bin;C:/Xilinx/Vivado/2023.1/bin;C:/Xilinx/Vivado/2023.1/tps/win64/java-cef-95.0.4638.69/bin/lib/win64;C:/Xilinx/Vivado/2023.1/tps/win64/javafx-sdk-17.0.1/lib;C:/Xilinx/Vivado/2023.1/tps/win64/javafx-sdk-17.0.1/bin;C:/Xilinx/Vivado/2023.1/lib/win64.o;C:/Xilinx/Vivado/2023.1/tps/win64/jre17.0.3_7/bin/server;C:/Xilinx/Vivado/2023.1/tps/win64/jre17.0.3_7/bin;C:/Xilinx/Vitis/2023.1/bin;C:/Xilinx/Vivado/2023.1/ids_lite/ISE/bin/nt64;C:/Xilinx/Vivado/2023.1/ids_lite/ISE/lib/nt64;C:/Xilinx/Vitis_HLS/2023.1/bin;C:\WINDOWS\system32;C:\WINDOWS;C:\WINDOWS\System32\Wbem;C:\WINDOWS\System32\WindowsPowerShell\v1.0\;C:\WINDOWS\System32\OpenSSH\;C:\Program Files\MATLAB\R2023b\bin;C:\MinGW\bin;C:\Program Files (x86)\NetSarang\Xshell 7\;C:\Program Files\dotnet\;C:\Program Files\Git\cmd;C:\cmsis-toolbox\bin;C:\Program Files\ffmpeg-7.1;C:\Program Files (x86)\Windows Kits\10\Windows Performance Toolkit\;C:\Users\junoh\AppData\Local\Programs\Python\Launcher\;C:\Users\junoh\AppData\Local\Microsoft\WindowsApps;C:\Users\junoh\AppData\Local\Programs\Microsoft VS Code\bin;C:\Xilinx\Vivado\2019.1\bin;;C:/Xilinx/Vivado/2023.1\tps\mingw\6.2.0\win64.o\nt\bin;C:/Xilinx/Vivado/2023.1\tps\mingw\6.2.0\win64.o\nt\libexec\gcc\x86_64-w64-mingw32\6.2.0;C:/Xilinx/Vivado/2023.1\tps\win64\python-3.8.3;C:/Xilinx/Vivado/2023.1\tps\win64\python-3.8.3\bin;C:/Xilinx/Vivado/2023.1\tps\win64\python-3.8.3\lib;C:/Xilinx/Vivado/2023.1\tps\win64\python-3.8.3\lib\site-packages
USERNAME=junoh
OS=Windows_NT
PROCESSOR_IDENTIFIER=AMD64 Family 25 Model 80 Stepping 0, AuthenticAMD



---------------  S Y S T E M  ---------------

OS:
 Windows 10 , 64 bit Build 19041 (10.0.19041.5438)
OS uptime: 6 days 21:18 hours

CPU: total 12 (initial active 12) (12 cores per cpu, 2 threads per core) family 25 model 80 stepping 0 microcode 0x0, cx8, cmov, fxsr, ht, mmx, 3dnowpref, sse, sse2, sse3, ssse3, sse4a, sse4.1, sse4.2, popcnt, lzcnt, tsc, tscinvbit, avx, avx2, aes, erms, clmul, bmi1, bmi2, adx, sha, fma, vzeroupper, clflush, clflushopt

Memory: 4k page, system-wide physical 32044M (9863M free)
TotalPageFile size 130348M (AvailPageFile size 84465M)
current process WorkingSet (physical memory assigned to process): 1683M, peak: 1685M
current process commit charge ("private bytes"): 2080M, peak: 2092M

vm_info: OpenJDK 64-Bit Server VM (17.0.3+7) for windows-amd64 JRE (17.0.3+7), built on Apr 19 2022 16:55:35 by "" with MS VC++ 16.7 (VS2019)

END.
